<?xml version="1.0" encoding="UTF-8"?>
<!-- Generated by org.testng.reporters.JUnitXMLReporter -->
<testsuite hostname="SCHL-R6ICDKE" name="Command line test" tests="22" failures="1" timestamp="23 Jan 2015 19:42:55 GMT" time="99.684" errors="0">
  <testcase name="cartMergSigninDuringCheckoutSce5Test" time="0.137" classname="com.scholastic.sso.shippingValidation.CartMergSigninDuringCheckoutSce5Test">
    <skipped/>
  </testcase> <!-- cartMergSigninDuringCheckoutSce5Test -->
  <testcase name="mixedCartPOBoxRegularAddTaxableNonTaxableStateSce4Test" time="0.132" classname="com.scholastic.sso.shippingValidation.MixedCartPOBoxRegularAddTaxableNonTaxableStateSce4Test">
    <skipped/>
  </testcase> <!-- mixedCartPOBoxRegularAddTaxableNonTaxableStateSce4Test -->
  <testcase name="mixedCartRegularAddressSce1Test" time="0.071" classname="com.scholastic.sso.shippingValidation.MixedCartRegularAddressSce1Test">
    <skipped/>
  </testcase> <!-- mixedCartRegularAddressSce1Test -->
  <testcase name="mixedCartRegularAddressSce2Test" time="0.081" classname="com.scholastic.sso.shippingValidation.MixedCartRegularAddressSce2Test">
    <skipped/>
  </testcase> <!-- mixedCartRegularAddressSce2Test -->
  <testcase name="quickLookOrderItemsTest" time="0.091" classname="com.scholastic.sso.placeOrders.QuickLookOrderItemsTest">
    <skipped/>
  </testcase> <!-- quickLookOrderItemsTest -->
  <testcase name="searchValidationTest" time="62.948" classname="com.scholastic.sso.misc.SearchValidationTest"/>
  <testcase name="shippingChargesMisc10Test" time="0.035" classname="com.scholastic.sso.shippingValidation.ShippingChargesMisc10Test">
    <skipped/>
  </testcase> <!-- shippingChargesMisc10Test -->
  <testcase name="shippingChargesMisc4Test" time="0.037" classname="com.scholastic.sso.shippingValidation.ShippingChargesMisc4Test">
    <skipped/>
  </testcase> <!-- shippingChargesMisc4Test -->
  <testcase name="shippingChargesMisc6Test" time="0.033" classname="com.scholastic.sso.shippingValidation.ShippingChargesMisc6Test">
    <skipped/>
  </testcase> <!-- shippingChargesMisc6Test -->
  <testcase name="shippingChargesMisc7Test" time="0.046" classname="com.scholastic.sso.shippingValidation.ShippingChargesMisc7Test">
    <skipped/>
  </testcase> <!-- shippingChargesMisc7Test -->
  <testcase name="shippingChargesMisc8Test" time="0.044" classname="com.scholastic.sso.shippingValidation.ShippingChargesMisc8Test">
    <skipped/>
  </testcase> <!-- shippingChargesMisc8Test -->
  <testcase name="shippingChargesMisc9Test" time="0.061" classname="com.scholastic.sso.shippingValidation.ShippingChargesMisc9Test">
    <skipped/>
  </testcase> <!-- shippingChargesMisc9Test -->
  <testcase name="shippingChargesMisc3Test" time="0.068" classname="com.scholastic.sso.shippingValidation.ShippingChargesMisc3Test">
    <skipped/>
  </testcase> <!-- shippingChargesMisc3Test -->
  <testcase name="hoverAndClickMenuTabs" time="2.031" classname="com.scholastic.sso.misc.StrangeLoopTest">
    <failure type="java.lang.IllegalArgumentException" message="Must provide a location for a move action.">
      <![CDATA[java.lang.IllegalArgumentException: Must provide a location for a move action.
	at org.openqa.selenium.interactions.MoveMouseAction.<init>(MoveMouseAction.java:30)
	at org.openqa.selenium.interactions.Actions.moveToElement(Actions.java:251)
	at com.scholastic.sso.util.TestUtil.getLinkCount(TestUtil.java:948)
	at com.scholastic.sso.misc.StrangeLoopTest.hoverAndClickMenuTabs(StrangeLoopTest.java:35)
... Removed 34 stack frames]]>
    </failure>
  </testcase> <!-- hoverAndClickMenuTabs -->
  <testcase name="orderBooksTest" time="0.067" classname="com.scholastic.sso.placeOrders.OrderBooksTest">
    <skipped/>
  </testcase> <!-- orderBooksTest -->
  <testcase name="shippingChargesMisc1Test" time="0.047" classname="com.scholastic.sso.shippingValidation.ShippingChargesMisc1Test">
    <skipped/>
  </testcase> <!-- shippingChargesMisc1Test -->
  <testcase name="shippingChargesMisc5Test" time="0.041" classname="com.scholastic.sso.shippingValidation.ShippingChargesMisc5Test">
    <skipped/>
  </testcase> <!-- shippingChargesMisc5Test -->
  <testcase name="mixedCartPOBoxAddressSce3Test" time="0.159" classname="com.scholastic.sso.shippingValidation.MixedCartPOBoxAddressSce3Test">
    <skipped/>
  </testcase> <!-- mixedCartPOBoxAddressSce3Test -->
  <testcase name="shippingChargesMisc2Test" time="0.045" classname="com.scholastic.sso.shippingValidation.ShippingChargesMisc2Test">
    <skipped/>
  </testcase> <!-- shippingChargesMisc2Test -->
  <testcase name="addCreditCardInfoTest" time="0.041" classname="com.scholastic.sso.misc.AddEditDeleteCreditCardTest">
    <skipped/>
  </testcase> <!-- addCreditCardInfoTest -->
  <testcase name="editCreditCardInfoTest" time="0.0" classname="com.scholastic.sso.misc.AddEditDeleteCreditCardTest">
    <skipped/>
  </testcase> <!-- editCreditCardInfoTest -->
  <testcase name="deleteCreditCardInfoTest" time="0.0" classname="com.scholastic.sso.misc.AddEditDeleteCreditCardTest">
    <skipped/>
  </testcase> <!-- deleteCreditCardInfoTest -->
</testsuite> <!-- Command line test -->
