<!DOCTYPE html PUBLIC "-//W3C//DTD XHTML 1.1//EN" "http://www.w3.org/TR/xhtml11/DTD/xhtml11.dtd">
<html xmlns="http://www.w3.org/1999/xhtml"><head><title>TestNG Report</title><style type="text/css">table {margin-bottom:10px;border-collapse:collapse;empty-cells:show}th,td {border:1px solid #009;padding:.25em .5em}th {vertical-align:bottom}td {vertical-align:top}table a {font-weight:bold}.stripe td {background-color: #E6EBF9}.num {text-align:right}.passedodd td {background-color: #3F3}.passedeven td {background-color: #0A0}.skippedodd td {background-color: #DDD}.skippedeven td {background-color: #CCC}.failedodd td,.attn {background-color: #F33}.failedeven td,.stripe .attn {background-color: #D00}.stacktrace {white-space:pre;font-family:monospace}.totop {font-size:85%;text-align:center;border-bottom:2px solid #000}</style></head><body><table><tr><th>Test</th><th># Passed</th><th># Skipped</th><th># Failed</th><th>Time (ms)</th><th>Included Groups</th><th>Excluded Groups</th></tr><tr><th colspan="7">Command line suite</th></tr><tr><td><a href="#t0">Command line test</a></td><td class="num">1</td><td class="num attn">20</td><td class="num attn">1</td><td class="num">99,684</td><td></td><td></td></tr></table><table><thead><tr><th>Class</th><th>Method</th><th>Start</th><th>Time (ms)</th></tr></thead><tbody><tr><th colspan="4">Command line suite</th></tr></tbody><tbody id="t0"><tr><th colspan="4">Command line test &#8212; failed</th></tr><tr class="failedeven"><td rowspan="1">com.scholastic.sso.misc.StrangeLoopTest</td><td><a href="#m0">hoverAndClickMenuTabs</a></td><td rowspan="1">1422042146725</td><td rowspan="1">2031</td></tr><tr><th colspan="4">Command line test &#8212; skipped</th></tr><tr class="skippedeven"><td rowspan="3">com.scholastic.sso.misc.AddEditDeleteCreditCardTest</td><td><a href="#m1">addCreditCardInfoTest</a></td><td rowspan="1">1422042155843</td><td rowspan="1">41</td></tr><tr class="skippedeven"><td><a href="#m2">deleteCreditCardInfoTest</a></td><td rowspan="1">1422042157909</td><td rowspan="1">0</td></tr><tr class="skippedeven"><td><a href="#m3">editCreditCardInfoTest</a></td><td rowspan="1">1422042157909</td><td rowspan="1">0</td></tr><tr class="skippedodd"><td rowspan="1">com.scholastic.sso.placeOrders.OrderBooksTest</td><td><a href="#m4">orderBooksTest</a></td><td rowspan="1">1422042148842</td><td rowspan="1">67</td></tr><tr class="skippedeven"><td rowspan="1">com.scholastic.sso.placeOrders.QuickLookOrderItemsTest</td><td><a href="#m5">quickLookOrderItemsTest</a></td><td rowspan="1">1422042083105</td><td rowspan="1">91</td></tr><tr class="skippedodd"><td rowspan="1">com.scholastic.sso.shippingValidation.CartMergSigninDuringCheckoutSce5Test</td><td><a href="#m6">cartMergSigninDuringCheckoutSce5Test</a></td><td rowspan="1">1422042082370</td><td rowspan="1">137</td></tr><tr class="skippedeven"><td rowspan="1">com.scholastic.sso.shippingValidation.MixedCartPOBoxAddressSce3Test</td><td><a href="#m7">mixedCartPOBoxAddressSce3Test</a></td><td rowspan="1">1422042155533</td><td rowspan="1">159</td></tr><tr class="skippedodd"><td rowspan="1">com.scholastic.sso.shippingValidation.MixedCartPOBoxRegularAddTaxableNonTaxableStateSce4Test</td><td><a href="#m8">mixedCartPOBoxRegularAddTaxableNonTaxableStateSce4Test</a></td><td rowspan="1">1422042082605</td><td rowspan="1">132</td></tr><tr class="skippedeven"><td rowspan="1">com.scholastic.sso.shippingValidation.MixedCartRegularAddressSce1Test</td><td><a href="#m9">mixedCartRegularAddressSce1Test</a></td><td rowspan="1">1422042082825</td><td rowspan="1">71</td></tr><tr class="skippedodd"><td rowspan="1">com.scholastic.sso.shippingValidation.MixedCartRegularAddressSce2Test</td><td><a href="#m10">mixedCartRegularAddressSce2Test</a></td><td rowspan="1">1422042082950</td><td rowspan="1">81</td></tr><tr class="skippedeven"><td rowspan="1">com.scholastic.sso.shippingValidation.ShippingChargesMisc10Test</td><td><a href="#m11">shippingChargesMisc10Test</a></td><td rowspan="1">1422042146205</td><td rowspan="1">35</td></tr><tr class="skippedodd"><td rowspan="1">com.scholastic.sso.shippingValidation.ShippingChargesMisc1Test</td><td><a href="#m12">shippingChargesMisc1Test</a></td><td rowspan="1">1422042155378</td><td rowspan="1">47</td></tr><tr class="skippedeven"><td rowspan="1">com.scholastic.sso.shippingValidation.ShippingChargesMisc2Test</td><td><a href="#m13">shippingChargesMisc2Test</a></td><td rowspan="1">1422042155768</td><td rowspan="1">45</td></tr><tr class="skippedodd"><td rowspan="1">com.scholastic.sso.shippingValidation.ShippingChargesMisc3Test</td><td><a href="#m14">shippingChargesMisc3Test</a></td><td rowspan="1">1422042146656</td><td rowspan="1">68</td></tr><tr class="skippedeven"><td rowspan="1">com.scholastic.sso.shippingValidation.ShippingChargesMisc4Test</td><td><a href="#m15">shippingChargesMisc4Test</a></td><td rowspan="1">1422042146261</td><td rowspan="1">37</td></tr><tr class="skippedodd"><td rowspan="1">com.scholastic.sso.shippingValidation.ShippingChargesMisc5Test</td><td><a href="#m16">shippingChargesMisc5Test</a></td><td rowspan="1">1422042155457</td><td rowspan="1">41</td></tr><tr class="skippedeven"><td rowspan="1">com.scholastic.sso.shippingValidation.ShippingChargesMisc6Test</td><td><a href="#m17">shippingChargesMisc6Test</a></td><td rowspan="1">1422042146319</td><td rowspan="1">33</td></tr><tr class="skippedodd"><td rowspan="1">com.scholastic.sso.shippingValidation.ShippingChargesMisc7Test</td><td><a href="#m18">shippingChargesMisc7Test</a></td><td rowspan="1">1422042146412</td><td rowspan="1">46</td></tr><tr class="skippedeven"><td rowspan="1">com.scholastic.sso.shippingValidation.ShippingChargesMisc8Test</td><td><a href="#m19">shippingChargesMisc8Test</a></td><td rowspan="1">1422042146490</td><td rowspan="1">44</td></tr><tr class="skippedodd"><td rowspan="1">com.scholastic.sso.shippingValidation.ShippingChargesMisc9Test</td><td><a href="#m20">shippingChargesMisc9Test</a></td><td rowspan="1">1422042146561</td><td rowspan="1">61</td></tr><tr><th colspan="4">Command line test &#8212; passed</th></tr><tr class="passedeven"><td rowspan="1">com.scholastic.sso.misc.SearchValidationTest</td><td><a href="#m21">searchValidationTest</a></td><td rowspan="1">1422042083234</td><td rowspan="1">62948</td></tr></tbody></table><h2>Command line test</h2><h3 id="m0">com.scholastic.sso.misc.StrangeLoopTest#hoverAndClickMenuTabs</h3><table class="result"><tr><th>Exception</th></tr><tr><td><div class="stacktrace">java.lang.IllegalArgumentException: Must provide a location for a move action.
	at org.openqa.selenium.interactions.MoveMouseAction.&lt;init&gt;(MoveMouseAction.java:30)
	at org.openqa.selenium.interactions.Actions.moveToElement(Actions.java:251)
	at com.scholastic.sso.util.TestUtil.getLinkCount(TestUtil.java:948)
	at com.scholastic.sso.misc.StrangeLoopTest.hoverAndClickMenuTabs(StrangeLoopTest.java:35)
... Removed 34 stack frames</div></td></tr></table><p class="totop"><a href="#summary">back to summary</a></p><h3 id="m1">com.scholastic.sso.misc.AddEditDeleteCreditCardTest#addCreditCardInfoTest</h3><table class="result"><tr class="param"><th>Parameter #1</th></tr><tr class="param stripe"><td>{Runmode=Y}</td></tr><tr><th>Exception</th></tr><tr><td><div class="stacktrace">org.testng.SkipException: Skipping the test - AddCreditCardInfoTest - inside the suite - MiscSuite
	at com.scholastic.sso.TestBase.validateRunmodes(TestBase.java:95)
	at com.scholastic.sso.misc.AddEditDeleteCreditCardTest.addCreditCardInfoTest(AddEditDeleteCreditCardTest.java:38)
... Removed 34 stack frames</div></td></tr></table><p class="totop"><a href="#summary">back to summary</a></p><h3 id="m2">com.scholastic.sso.misc.AddEditDeleteCreditCardTest#deleteCreditCardInfoTest</h3><table class="result"></table><p class="totop"><a href="#summary">back to summary</a></p><h3 id="m3">com.scholastic.sso.misc.AddEditDeleteCreditCardTest#editCreditCardInfoTest</h3><table class="result"></table><p class="totop"><a href="#summary">back to summary</a></p><h3 id="m4">com.scholastic.sso.placeOrders.OrderBooksTest#orderBooksTest</h3><table class="result"><tr class="param"><th>Parameter #1</th></tr><tr class="param stripe"><td>{Runmode=Y}</td></tr><tr><th>Exception</th></tr><tr><td><div class="stacktrace">org.testng.SkipException: Skipping the test - OrderBooksTest - inside the suite - PlaceOrdersSuite
	at com.scholastic.sso.TestBase.validateRunmodes(TestBase.java:95)
	at com.scholastic.sso.placeOrders.OrderBooksTest.orderBooksTest(OrderBooksTest.java:51)
... Removed 34 stack frames</div></td></tr></table><p class="totop"><a href="#summary">back to summary</a></p><h3 id="m5">com.scholastic.sso.placeOrders.QuickLookOrderItemsTest#quickLookOrderItemsTest</h3><table class="result"><tr class="param"><th>Parameter #1</th></tr><tr class="param stripe"><td>{Runmode=Y}</td></tr><tr><th>Exception</th></tr><tr><td><div class="stacktrace">org.testng.SkipException: Skipping the test - QuickLookOrderItemsTest - inside the suite - PlaceOrdersSuite
	at com.scholastic.sso.TestBase.validateRunmodes(TestBase.java:95)
	at com.scholastic.sso.placeOrders.QuickLookOrderItemsTest.quickLookOrderItemsTest(QuickLookOrderItemsTest.java:42)
... Removed 34 stack frames</div></td></tr></table><p class="totop"><a href="#summary">back to summary</a></p><h3 id="m6">com.scholastic.sso.shippingValidation.CartMergSigninDuringCheckoutSce5Test#cartMergSigninDuringCheckoutSce5Test</h3><table class="result"><tr class="param"><th>Parameter #1</th></tr><tr class="param stripe"><td>{Runmode=N}</td></tr><tr><th>Exception</th></tr><tr><td><div class="stacktrace">org.testng.SkipException: Skipping the test - CartMergSigninDuringCheckoutSce5Test - inside the suite - ShippingValidationSuite
	at com.scholastic.sso.TestBase.validateRunmodes(TestBase.java:95)
	at com.scholastic.sso.shippingValidation.CartMergSigninDuringCheckoutSce5Test.cartMergSigninDuringCheckoutSce5Test(CartMergSigninDuringCheckoutSce5Test.java:45)
... Removed 34 stack frames</div></td></tr></table><p class="totop"><a href="#summary">back to summary</a></p><h3 id="m7">com.scholastic.sso.shippingValidation.MixedCartPOBoxAddressSce3Test#mixedCartPOBoxAddressSce3Test</h3><table class="result"><tr class="param"><th>Parameter #1</th></tr><tr class="param stripe"><td>{Runmode=N}</td></tr><tr><th>Exception</th></tr><tr><td><div class="stacktrace">org.testng.SkipException: Skipping the test - MixedCartPOBoxAddressSce3Test - inside the suite - ShippingValidationSuite
	at com.scholastic.sso.TestBase.validateRunmodes(TestBase.java:95)
	at com.scholastic.sso.shippingValidation.MixedCartPOBoxAddressSce3Test.mixedCartPOBoxAddressSce3Test(MixedCartPOBoxAddressSce3Test.java:46)
... Removed 34 stack frames</div></td></tr></table><p class="totop"><a href="#summary">back to summary</a></p><h3 id="m8">com.scholastic.sso.shippingValidation.MixedCartPOBoxRegularAddTaxableNonTaxableStateSce4Test#mixedCartPOBoxRegularAddTaxableNonTaxableStateSce4Test</h3><table class="result"><tr class="param"><th>Parameter #1</th></tr><tr class="param stripe"><td>{Runmode=N}</td></tr><tr><th>Exception</th></tr><tr><td><div class="stacktrace">org.testng.SkipException: Skipping the test - MixedCartPOBoxRegularAddTaxableNonTaxableStateSce4Test - inside the suite - ShippingValidationSuite
	at com.scholastic.sso.TestBase.validateRunmodes(TestBase.java:95)
	at com.scholastic.sso.shippingValidation.MixedCartPOBoxRegularAddTaxableNonTaxableStateSce4Test.mixedCartPOBoxRegularAddTaxableNonTaxableStateSce4Test(MixedCartPOBoxRegularAddTaxableNonTaxableStateSce4Test.java:45)
... Removed 34 stack frames</div></td></tr></table><p class="totop"><a href="#summary">back to summary</a></p><h3 id="m9">com.scholastic.sso.shippingValidation.MixedCartRegularAddressSce1Test#mixedCartRegularAddressSce1Test</h3><table class="result"><tr class="param"><th>Parameter #1</th></tr><tr class="param stripe"><td>{Runmode=Y}</td></tr><tr><th>Exception</th></tr><tr><td><div class="stacktrace">org.testng.SkipException: Skipping the test - MixedCartRegularAddressSce1Test - inside the suite - ShippingValidationSuite
	at com.scholastic.sso.TestBase.validateRunmodes(TestBase.java:95)
	at com.scholastic.sso.shippingValidation.MixedCartRegularAddressSce1Test.mixedCartRegularAddressSce1Test(MixedCartRegularAddressSce1Test.java:48)
... Removed 34 stack frames</div></td></tr></table><p class="totop"><a href="#summary">back to summary</a></p><h3 id="m10">com.scholastic.sso.shippingValidation.MixedCartRegularAddressSce2Test#mixedCartRegularAddressSce2Test</h3><table class="result"><tr class="param"><th>Parameter #1</th></tr><tr class="param stripe"><td>{Runmode=Y}</td></tr><tr><th>Exception</th></tr><tr><td><div class="stacktrace">org.testng.SkipException: Skipping the test - MixedCartRegularAddressSce2Test - inside the suite - ShippingValidationSuite
	at com.scholastic.sso.TestBase.validateRunmodes(TestBase.java:95)
	at com.scholastic.sso.shippingValidation.MixedCartRegularAddressSce2Test.mixedCartRegularAddressSce2Test(MixedCartRegularAddressSce2Test.java:45)
... Removed 34 stack frames</div></td></tr></table><p class="totop"><a href="#summary">back to summary</a></p><h3 id="m11">com.scholastic.sso.shippingValidation.ShippingChargesMisc10Test#shippingChargesMisc10Test</h3><table class="result"><tr class="param"><th>Parameter #1</th></tr><tr class="param stripe"><td>{Runmode=N}</td></tr><tr><th>Exception</th></tr><tr><td><div class="stacktrace">org.testng.SkipException: Skipping the test - ShippingChargesMisc10Test - inside the suite - ShippingValidationSuite
	at com.scholastic.sso.TestBase.validateRunmodes(TestBase.java:95)
	at com.scholastic.sso.shippingValidation.ShippingChargesMisc10Test.shippingChargesMisc10Test(ShippingChargesMisc10Test.java:42)
... Removed 34 stack frames</div></td></tr></table><p class="totop"><a href="#summary">back to summary</a></p><h3 id="m12">com.scholastic.sso.shippingValidation.ShippingChargesMisc1Test#shippingChargesMisc1Test</h3><table class="result"><tr class="param"><th>Parameter #1</th></tr><tr class="param stripe"><td>{Runmode=N}</td></tr><tr><th>Exception</th></tr><tr><td><div class="stacktrace">org.testng.SkipException: Skipping the test - ShippingChargesMisc1Test - inside the suite - ShippingValidationSuite
	at com.scholastic.sso.TestBase.validateRunmodes(TestBase.java:95)
	at com.scholastic.sso.shippingValidation.ShippingChargesMisc1Test.shippingChargesMisc1Test(ShippingChargesMisc1Test.java:46)
... Removed 34 stack frames</div></td></tr></table><p class="totop"><a href="#summary">back to summary</a></p><h3 id="m13">com.scholastic.sso.shippingValidation.ShippingChargesMisc2Test#shippingChargesMisc2Test</h3><table class="result"><tr class="param"><th>Parameter #1</th></tr><tr class="param stripe"><td>{Runmode=N}</td></tr><tr><th>Exception</th></tr><tr><td><div class="stacktrace">org.testng.SkipException: Skipping the test - ShippingChargesMisc2Test - inside the suite - ShippingValidationSuite
	at com.scholastic.sso.TestBase.validateRunmodes(TestBase.java:95)
	at com.scholastic.sso.shippingValidation.ShippingChargesMisc2Test.shippingChargesMisc2Test(ShippingChargesMisc2Test.java:39)
... Removed 34 stack frames</div></td></tr></table><p class="totop"><a href="#summary">back to summary</a></p><h3 id="m14">com.scholastic.sso.shippingValidation.ShippingChargesMisc3Test#shippingChargesMisc3Test</h3><table class="result"><tr class="param"><th>Parameter #1</th></tr><tr class="param stripe"><td>{Runmode=N}</td></tr><tr><th>Exception</th></tr><tr><td><div class="stacktrace">org.testng.SkipException: Skipping the test - ShippingChargesMisc3Test - inside the suite - ShippingValidationSuite
	at com.scholastic.sso.TestBase.validateRunmodes(TestBase.java:95)
	at com.scholastic.sso.shippingValidation.ShippingChargesMisc3Test.shippingChargesMisc3Test(ShippingChargesMisc3Test.java:44)
... Removed 34 stack frames</div></td></tr></table><p class="totop"><a href="#summary">back to summary</a></p><h3 id="m15">com.scholastic.sso.shippingValidation.ShippingChargesMisc4Test#shippingChargesMisc4Test</h3><table class="result"><tr class="param"><th>Parameter #1</th></tr><tr class="param stripe"><td>{Runmode=N}</td></tr><tr><th>Exception</th></tr><tr><td><div class="stacktrace">org.testng.SkipException: Skipping the test - ShippingChargesMisc4Test - inside the suite - ShippingValidationSuite
	at com.scholastic.sso.TestBase.validateRunmodes(TestBase.java:95)
	at com.scholastic.sso.shippingValidation.ShippingChargesMisc4Test.shippingChargesMisc4Test(ShippingChargesMisc4Test.java:44)
... Removed 34 stack frames</div></td></tr></table><p class="totop"><a href="#summary">back to summary</a></p><h3 id="m16">com.scholastic.sso.shippingValidation.ShippingChargesMisc5Test#shippingChargesMisc5Test</h3><table class="result"><tr class="param"><th>Parameter #1</th></tr><tr class="param stripe"><td>{Runmode=N}</td></tr><tr><th>Exception</th></tr><tr><td><div class="stacktrace">org.testng.SkipException: Skipping the test - ShippingChargesMisc5Test - inside the suite - ShippingValidationSuite
	at com.scholastic.sso.TestBase.validateRunmodes(TestBase.java:95)
	at com.scholastic.sso.shippingValidation.ShippingChargesMisc5Test.shippingChargesMisc5Test(ShippingChargesMisc5Test.java:44)
... Removed 34 stack frames</div></td></tr></table><p class="totop"><a href="#summary">back to summary</a></p><h3 id="m17">com.scholastic.sso.shippingValidation.ShippingChargesMisc6Test#shippingChargesMisc6Test</h3><table class="result"><tr class="param"><th>Parameter #1</th></tr><tr class="param stripe"><td>{Runmode=N}</td></tr><tr><th>Exception</th></tr><tr><td><div class="stacktrace">org.testng.SkipException: Skipping the test - ShippingChargesMisc6Test - inside the suite - ShippingValidationSuite
	at com.scholastic.sso.TestBase.validateRunmodes(TestBase.java:95)
	at com.scholastic.sso.shippingValidation.ShippingChargesMisc6Test.shippingChargesMisc6Test(ShippingChargesMisc6Test.java:44)
... Removed 34 stack frames</div></td></tr></table><p class="totop"><a href="#summary">back to summary</a></p><h3 id="m18">com.scholastic.sso.shippingValidation.ShippingChargesMisc7Test#shippingChargesMisc7Test</h3><table class="result"><tr class="param"><th>Parameter #1</th></tr><tr class="param stripe"><td>{Runmode=N}</td></tr><tr><th>Exception</th></tr><tr><td><div class="stacktrace">org.testng.SkipException: Skipping the test - ShippingChargesMisc7Test - inside the suite - ShippingValidationSuite
	at com.scholastic.sso.TestBase.validateRunmodes(TestBase.java:95)
	at com.scholastic.sso.shippingValidation.ShippingChargesMisc7Test.shippingChargesMisc7Test(ShippingChargesMisc7Test.java:44)
... Removed 34 stack frames</div></td></tr></table><p class="totop"><a href="#summary">back to summary</a></p><h3 id="m19">com.scholastic.sso.shippingValidation.ShippingChargesMisc8Test#shippingChargesMisc8Test</h3><table class="result"><tr class="param"><th>Parameter #1</th></tr><tr class="param stripe"><td>{Runmode=N}</td></tr><tr><th>Exception</th></tr><tr><td><div class="stacktrace">org.testng.SkipException: Skipping the test - ShippingChargesMisc8Test - inside the suite - ShippingValidationSuite
	at com.scholastic.sso.TestBase.validateRunmodes(TestBase.java:95)
	at com.scholastic.sso.shippingValidation.ShippingChargesMisc8Test.shippingChargesMisc8Test(ShippingChargesMisc8Test.java:44)
... Removed 34 stack frames</div></td></tr></table><p class="totop"><a href="#summary">back to summary</a></p><h3 id="m20">com.scholastic.sso.shippingValidation.ShippingChargesMisc9Test#shippingChargesMisc9Test</h3><table class="result"><tr class="param"><th>Parameter #1</th></tr><tr class="param stripe"><td>{Runmode=N}</td></tr><tr><th>Exception</th></tr><tr><td><div class="stacktrace">org.testng.SkipException: Skipping the test - ShippingChargesMisc9Test - inside the suite - ShippingValidationSuite
	at com.scholastic.sso.TestBase.validateRunmodes(TestBase.java:95)
	at com.scholastic.sso.shippingValidation.ShippingChargesMisc9Test.shippingChargesMisc9Test(ShippingChargesMisc9Test.java:42)
... Removed 34 stack frames</div></td></tr></table><p class="totop"><a href="#summary">back to summary</a></p><h3 id="m21">com.scholastic.sso.misc.SearchValidationTest#searchValidationTest</h3><table class="result"><tr class="param"><th>Parameter #1</th></tr><tr class="param stripe"><td>{Runmode=Y}</td></tr></table><p class="totop"><a href="#summary">back to summary</a></p></body></html>