<?xml version="1.0" encoding="UTF-8"?>
<testng-results skipped="20" failed="1" total="22" passed="1">
  <reporter-output>
  </reporter-output>
  <suite name="Command line suite" duration-ms="99684" started-at="2015-01-23T19:41:15Z" finished-at="2015-01-23T19:42:54Z">
    <groups>
    </groups>
    <test name="Command line test" duration-ms="99684" started-at="2015-01-23T19:41:15Z" finished-at="2015-01-23T19:42:54Z">
      <class name="com.scholastic.sso.shippingValidation.MixedCartRegularAddressSce1Test">
        <test-method status="SKIP" signature="mixedCartRegularAddressSce1Test(java.util.Hashtable)[pri:0, instance:com.scholastic.sso.shippingValidation.MixedCartRegularAddressSce1Test@73ad2d6]" name="mixedCartRegularAddressSce1Test" duration-ms="71" started-at="2015-01-23T14:41:22Z" data-provider="ShippingValidationDataProvider" finished-at="2015-01-23T14:41:22Z">
          <params>
            <param index="0">
              <value>
                <![CDATA[{Runmode=Y}]]>
              </value>
            </param>
          </params>
          <exception class="org.testng.SkipException">
            <message>
              <![CDATA[Skipping the test - MixedCartRegularAddressSce1Test - inside the suite - ShippingValidationSuite]]>
            </message>
            <full-stacktrace>
              <![CDATA[org.testng.SkipException: Skipping the test - MixedCartRegularAddressSce1Test - inside the suite - ShippingValidationSuite
	at com.scholastic.sso.TestBase.validateRunmodes(TestBase.java:95)
	at com.scholastic.sso.shippingValidation.MixedCartRegularAddressSce1Test.mixedCartRegularAddressSce1Test(MixedCartRegularAddressSce1Test.java:48)
	at sun.reflect.NativeMethodAccessorImpl.invoke0(Native Method)
	at sun.reflect.NativeMethodAccessorImpl.invoke(NativeMethodAccessorImpl.java:62)
	at sun.reflect.DelegatingMethodAccessorImpl.invoke(DelegatingMethodAccessorImpl.java:43)
	at java.lang.reflect.Method.invoke(Method.java:483)
	at org.testng.internal.MethodInvocationHelper.invokeMethod(MethodInvocationHelper.java:84)
	at org.testng.internal.Invoker.invokeMethod(Invoker.java:714)
	at org.testng.internal.Invoker.invokeTestMethod(Invoker.java:901)
	at org.testng.internal.Invoker.invokeTestMethods(Invoker.java:1231)
	at org.testng.internal.TestMethodWorker.invokeTestMethods(TestMethodWorker.java:127)
	at org.testng.internal.TestMethodWorker.run(TestMethodWorker.java:111)
	at org.testng.TestRunner.privateRun(TestRunner.java:767)
	at org.testng.TestRunner.run(TestRunner.java:617)
	at org.testng.SuiteRunner.runTest(SuiteRunner.java:334)
	at org.testng.SuiteRunner.runSequentially(SuiteRunner.java:329)
	at org.testng.SuiteRunner.privateRun(SuiteRunner.java:291)
	at org.testng.SuiteRunner.run(SuiteRunner.java:240)
	at org.testng.SuiteRunnerWorker.runSuite(SuiteRunnerWorker.java:52)
	at org.testng.SuiteRunnerWorker.run(SuiteRunnerWorker.java:86)
	at org.testng.TestNG.runSuitesSequentially(TestNG.java:1224)
	at org.testng.TestNG.runSuitesLocally(TestNG.java:1149)
	at org.testng.TestNG.run(TestNG.java:1057)
	at org.apache.maven.surefire.testng.TestNGExecutor.run(TestNGExecutor.java:77)
	at org.apache.maven.surefire.testng.TestNGDirectoryTestSuite.executeMulti(TestNGDirectoryTestSuite.java:159)
	at org.apache.maven.surefire.testng.TestNGDirectoryTestSuite.execute(TestNGDirectoryTestSuite.java:99)
	at org.apache.maven.surefire.testng.TestNGProvider.invoke(TestNGProvider.java:106)
	at sun.reflect.NativeMethodAccessorImpl.invoke0(Native Method)
	at sun.reflect.NativeMethodAccessorImpl.invoke(NativeMethodAccessorImpl.java:62)
	at sun.reflect.DelegatingMethodAccessorImpl.invoke(DelegatingMethodAccessorImpl.java:43)
	at java.lang.reflect.Method.invoke(Method.java:483)
	at org.apache.maven.surefire.util.ReflectionUtils.invokeMethodWithArray(ReflectionUtils.java:189)
	at org.apache.maven.surefire.booter.ProviderFactory$ProviderProxy.invoke(ProviderFactory.java:165)
	at org.apache.maven.surefire.booter.ProviderFactory.invokeProvider(ProviderFactory.java:85)
	at org.apache.maven.surefire.booter.ForkedBooter.runSuitesInProcess(ForkedBooter.java:115)
	at org.apache.maven.surefire.booter.ForkedBooter.main(ForkedBooter.java:75)
]]>
            </full-stacktrace>
          </exception> <!-- org.testng.SkipException -->
          <reporter-output>
          </reporter-output>
        </test-method> <!-- mixedCartRegularAddressSce1Test -->
        <test-method status="PASS" signature="takeScreenShotOnFailure(org.testng.ITestResult)[pri:0, instance:com.scholastic.sso.shippingValidation.MixedCartRegularAddressSce1Test@73ad2d6]" name="takeScreenShotOnFailure" is-config="true" duration-ms="0" started-at="2015-01-23T14:41:22Z" finished-at="2015-01-23T14:41:22Z">
          <params>
            <param index="0">
              <value>
                <![CDATA[[TestResult name=mixedCartRegularAddressSce1Test status=SKIP method=MixedCartRegularAddressSce1Test.mixedCartRegularAddressSce1Test(java.util.Hashtable)[pri:0, instance:com.scholastic.sso.shippingValidation.MixedCartRegularAddressSce1Test@73ad2d6] output={null}]]]>
              </value>
            </param>
          </params>
          <reporter-output>
          </reporter-output>
        </test-method> <!-- takeScreenShotOnFailure -->
      </class> <!-- com.scholastic.sso.shippingValidation.MixedCartRegularAddressSce1Test -->
      <class name="com.scholastic.sso.shippingValidation.CartMergSigninDuringCheckoutSce5Test">
        <test-method status="PASS" signature="beforeTest()[pri:0, instance:com.scholastic.sso.shippingValidation.CartMergSigninDuringCheckoutSce5Test@59ec2012]" name="beforeTest" is-config="true" duration-ms="6067" started-at="2015-01-23T14:41:15Z" finished-at="2015-01-23T14:41:21Z">
          <reporter-output>
          </reporter-output>
        </test-method> <!-- beforeTest -->
        <test-method status="PASS" signature="beforeTest()[pri:0, instance:com.scholastic.sso.shippingValidation.MixedCartPOBoxAddressSce3Test@77cd7a0]" name="beforeTest" is-config="true" duration-ms="1" started-at="2015-01-23T14:41:21Z" finished-at="2015-01-23T14:41:21Z">
          <reporter-output>
          </reporter-output>
        </test-method> <!-- beforeTest -->
        <test-method status="PASS" signature="beforeTest()[pri:0, instance:com.scholastic.sso.shippingValidation.MixedCartPOBoxRegularAddTaxableNonTaxableStateSce4Test@3fee9989]" name="beforeTest" is-config="true" duration-ms="0" started-at="2015-01-23T14:41:21Z" finished-at="2015-01-23T14:41:21Z">
          <reporter-output>
          </reporter-output>
        </test-method> <!-- beforeTest -->
        <test-method status="PASS" signature="beforeTest()[pri:0, instance:com.scholastic.sso.shippingValidation.MixedCartRegularAddressSce1Test@73ad2d6]" name="beforeTest" is-config="true" duration-ms="3" started-at="2015-01-23T14:41:21Z" finished-at="2015-01-23T14:41:21Z">
          <reporter-output>
          </reporter-output>
        </test-method> <!-- beforeTest -->
        <test-method status="PASS" signature="beforeTest()[pri:0, instance:com.scholastic.sso.misc.NewTest@5700d6b1]" name="beforeTest" is-config="true" duration-ms="2" started-at="2015-01-23T14:41:21Z" finished-at="2015-01-23T14:41:21Z">
          <reporter-output>
          </reporter-output>
        </test-method> <!-- beforeTest -->
        <test-method status="PASS" signature="beforeTest()[pri:0, instance:com.scholastic.sso.shippingValidation.MixedCartRegularAddressSce2Test@7085bdee]" name="beforeTest" is-config="true" duration-ms="0" started-at="2015-01-23T14:41:21Z" finished-at="2015-01-23T14:41:21Z">
          <reporter-output>
          </reporter-output>
        </test-method> <!-- beforeTest -->
        <test-method status="PASS" signature="beforeTest()[pri:0, instance:com.scholastic.sso.shippingValidation.ShippingChargesMisc10Test@6fd02e5]" name="beforeTest" is-config="true" duration-ms="0" started-at="2015-01-23T14:41:21Z" finished-at="2015-01-23T14:41:21Z">
          <reporter-output>
          </reporter-output>
        </test-method> <!-- beforeTest -->
        <test-method status="PASS" signature="beforeTest()[pri:0, instance:com.scholastic.sso.shippingValidation.ShippingChargesMisc2Test@3c0ecd4b]" name="beforeTest" is-config="true" duration-ms="0" started-at="2015-01-23T14:41:21Z" finished-at="2015-01-23T14:41:21Z">
          <reporter-output>
          </reporter-output>
        </test-method> <!-- beforeTest -->
        <test-method status="PASS" signature="beforeTest()[pri:0, instance:com.scholastic.sso.shippingValidation.ShippingChargesMisc1Test@14bf9759]" name="beforeTest" is-config="true" duration-ms="0" started-at="2015-01-23T14:41:21Z" finished-at="2015-01-23T14:41:21Z">
          <reporter-output>
          </reporter-output>
        </test-method> <!-- beforeTest -->
        <test-method status="PASS" signature="beforeTest()[pri:0, instance:com.scholastic.sso.placeOrders.QuickLookOrderItemsTest@e45f292]" name="beforeTest" is-config="true" duration-ms="0" started-at="2015-01-23T14:41:21Z" finished-at="2015-01-23T14:41:21Z">
          <reporter-output>
          </reporter-output>
        </test-method> <!-- beforeTest -->
        <test-method status="PASS" signature="beforeTest()[pri:0, instance:com.scholastic.sso.shippingValidation.ShippingChargesMisc3Test@5f341870]" name="beforeTest" is-config="true" duration-ms="1" started-at="2015-01-23T14:41:21Z" finished-at="2015-01-23T14:41:21Z">
          <reporter-output>
          </reporter-output>
        </test-method> <!-- beforeTest -->
        <test-method status="PASS" signature="beforeTest()[pri:0, instance:com.scholastic.sso.misc.SearchValidationTest@2f686d1f]" name="beforeTest" is-config="true" duration-ms="0" started-at="2015-01-23T14:41:21Z" finished-at="2015-01-23T14:41:21Z">
          <reporter-output>
          </reporter-output>
        </test-method> <!-- beforeTest -->
        <test-method status="PASS" signature="beforeTest()[pri:0, instance:com.scholastic.sso.shippingValidation.ShippingChargesMisc5Test@553f17c]" name="beforeTest" is-config="true" duration-ms="0" started-at="2015-01-23T14:41:21Z" finished-at="2015-01-23T14:41:21Z">
          <reporter-output>
          </reporter-output>
        </test-method> <!-- beforeTest -->
        <test-method status="PASS" signature="beforeTest()[pri:0, instance:com.scholastic.sso.shippingValidation.ShippingChargesMisc6Test@1ce92674]" name="beforeTest" is-config="true" duration-ms="2" started-at="2015-01-23T14:41:21Z" finished-at="2015-01-23T14:41:21Z">
          <reporter-output>
          </reporter-output>
        </test-method> <!-- beforeTest -->
        <test-method status="PASS" signature="beforeTest()[pri:0, instance:com.scholastic.sso.shippingValidation.ShippingChargesMisc4Test@402a079c]" name="beforeTest" is-config="true" duration-ms="0" started-at="2015-01-23T14:41:21Z" finished-at="2015-01-23T14:41:21Z">
          <reporter-output>
          </reporter-output>
        </test-method> <!-- beforeTest -->
        <test-method status="PASS" signature="beforeTest()[pri:0, instance:com.scholastic.sso.shippingValidation.ShippingChargesMisc8Test@5bcab519]" name="beforeTest" is-config="true" duration-ms="1" started-at="2015-01-23T14:41:21Z" finished-at="2015-01-23T14:41:21Z">
          <reporter-output>
          </reporter-output>
        </test-method> <!-- beforeTest -->
        <test-method status="PASS" signature="beforeTest()[pri:0, instance:com.scholastic.sso.shippingValidation.ShippingChargesMisc7Test@4cf777e8]" name="beforeTest" is-config="true" duration-ms="0" started-at="2015-01-23T14:41:21Z" finished-at="2015-01-23T14:41:21Z">
          <reporter-output>
          </reporter-output>
        </test-method> <!-- beforeTest -->
        <test-method status="PASS" signature="beforeTest()[pri:0, instance:com.scholastic.sso.misc.StrangeLoopTest@4f7d0008]" name="beforeTest" is-config="true" duration-ms="0" started-at="2015-01-23T14:41:21Z" finished-at="2015-01-23T14:41:21Z">
          <reporter-output>
          </reporter-output>
        </test-method> <!-- beforeTest -->
        <test-method status="PASS" signature="beforeTest()[pri:0, instance:com.scholastic.sso.shippingValidation.ShippingChargesMisc9Test@6500df86]" name="beforeTest" is-config="true" duration-ms="0" started-at="2015-01-23T14:41:21Z" finished-at="2015-01-23T14:41:21Z">
          <reporter-output>
          </reporter-output>
        </test-method> <!-- beforeTest -->
        <test-method status="SKIP" signature="cartMergSigninDuringCheckoutSce5Test(java.util.Hashtable)[pri:0, instance:com.scholastic.sso.shippingValidation.CartMergSigninDuringCheckoutSce5Test@59ec2012]" name="cartMergSigninDuringCheckoutSce5Test" duration-ms="137" started-at="2015-01-23T14:41:22Z" data-provider="ShippingValidationDataProvider" finished-at="2015-01-23T14:41:22Z">
          <params>
            <param index="0">
              <value>
                <![CDATA[{Runmode=N}]]>
              </value>
            </param>
          </params>
          <exception class="org.testng.SkipException">
            <message>
              <![CDATA[Skipping the test - CartMergSigninDuringCheckoutSce5Test - inside the suite - ShippingValidationSuite]]>
            </message>
            <full-stacktrace>
              <![CDATA[org.testng.SkipException: Skipping the test - CartMergSigninDuringCheckoutSce5Test - inside the suite - ShippingValidationSuite
	at com.scholastic.sso.TestBase.validateRunmodes(TestBase.java:95)
	at com.scholastic.sso.shippingValidation.CartMergSigninDuringCheckoutSce5Test.cartMergSigninDuringCheckoutSce5Test(CartMergSigninDuringCheckoutSce5Test.java:45)
	at sun.reflect.NativeMethodAccessorImpl.invoke0(Native Method)
	at sun.reflect.NativeMethodAccessorImpl.invoke(NativeMethodAccessorImpl.java:62)
	at sun.reflect.DelegatingMethodAccessorImpl.invoke(DelegatingMethodAccessorImpl.java:43)
	at java.lang.reflect.Method.invoke(Method.java:483)
	at org.testng.internal.MethodInvocationHelper.invokeMethod(MethodInvocationHelper.java:84)
	at org.testng.internal.Invoker.invokeMethod(Invoker.java:714)
	at org.testng.internal.Invoker.invokeTestMethod(Invoker.java:901)
	at org.testng.internal.Invoker.invokeTestMethods(Invoker.java:1231)
	at org.testng.internal.TestMethodWorker.invokeTestMethods(TestMethodWorker.java:127)
	at org.testng.internal.TestMethodWorker.run(TestMethodWorker.java:111)
	at org.testng.TestRunner.privateRun(TestRunner.java:767)
	at org.testng.TestRunner.run(TestRunner.java:617)
	at org.testng.SuiteRunner.runTest(SuiteRunner.java:334)
	at org.testng.SuiteRunner.runSequentially(SuiteRunner.java:329)
	at org.testng.SuiteRunner.privateRun(SuiteRunner.java:291)
	at org.testng.SuiteRunner.run(SuiteRunner.java:240)
	at org.testng.SuiteRunnerWorker.runSuite(SuiteRunnerWorker.java:52)
	at org.testng.SuiteRunnerWorker.run(SuiteRunnerWorker.java:86)
	at org.testng.TestNG.runSuitesSequentially(TestNG.java:1224)
	at org.testng.TestNG.runSuitesLocally(TestNG.java:1149)
	at org.testng.TestNG.run(TestNG.java:1057)
	at org.apache.maven.surefire.testng.TestNGExecutor.run(TestNGExecutor.java:77)
	at org.apache.maven.surefire.testng.TestNGDirectoryTestSuite.executeMulti(TestNGDirectoryTestSuite.java:159)
	at org.apache.maven.surefire.testng.TestNGDirectoryTestSuite.execute(TestNGDirectoryTestSuite.java:99)
	at org.apache.maven.surefire.testng.TestNGProvider.invoke(TestNGProvider.java:106)
	at sun.reflect.NativeMethodAccessorImpl.invoke0(Native Method)
	at sun.reflect.NativeMethodAccessorImpl.invoke(NativeMethodAccessorImpl.java:62)
	at sun.reflect.DelegatingMethodAccessorImpl.invoke(DelegatingMethodAccessorImpl.java:43)
	at java.lang.reflect.Method.invoke(Method.java:483)
	at org.apache.maven.surefire.util.ReflectionUtils.invokeMethodWithArray(ReflectionUtils.java:189)
	at org.apache.maven.surefire.booter.ProviderFactory$ProviderProxy.invoke(ProviderFactory.java:165)
	at org.apache.maven.surefire.booter.ProviderFactory.invokeProvider(ProviderFactory.java:85)
	at org.apache.maven.surefire.booter.ForkedBooter.runSuitesInProcess(ForkedBooter.java:115)
	at org.apache.maven.surefire.booter.ForkedBooter.main(ForkedBooter.java:75)
]]>
            </full-stacktrace>
          </exception> <!-- org.testng.SkipException -->
          <reporter-output>
          </reporter-output>
        </test-method> <!-- cartMergSigninDuringCheckoutSce5Test -->
        <test-method status="PASS" signature="takeScreenShotOnFailure(org.testng.ITestResult)[pri:0, instance:com.scholastic.sso.shippingValidation.CartMergSigninDuringCheckoutSce5Test@59ec2012]" name="takeScreenShotOnFailure" is-config="true" duration-ms="1" started-at="2015-01-23T14:41:22Z" finished-at="2015-01-23T14:41:22Z">
          <params>
            <param index="0">
              <value>
                <![CDATA[[TestResult name=cartMergSigninDuringCheckoutSce5Test status=SKIP method=CartMergSigninDuringCheckoutSce5Test.cartMergSigninDuringCheckoutSce5Test(java.util.Hashtable)[pri:0, instance:com.scholastic.sso.shippingValidation.CartMergSigninDuringCheckoutSce5Test@59ec2012] output={null}]]]>
              </value>
            </param>
          </params>
          <reporter-output>
          </reporter-output>
        </test-method> <!-- takeScreenShotOnFailure -->
        <test-method status="PASS" signature="shutDriver()[pri:0, instance:com.scholastic.sso.shippingValidation.CartMergSigninDuringCheckoutSce5Test@59ec2012]" name="shutDriver" is-config="true" duration-ms="1000" started-at="2015-01-23T14:42:37Z" finished-at="2015-01-23T14:42:38Z">
          <reporter-output>
          </reporter-output>
        </test-method> <!-- shutDriver -->
        <test-method status="PASS" signature="shutDriver()[pri:0, instance:com.scholastic.sso.shippingValidation.MixedCartPOBoxAddressSce3Test@77cd7a0]" name="shutDriver" is-config="true" duration-ms="1000" started-at="2015-01-23T14:42:38Z" finished-at="2015-01-23T14:42:39Z">
          <reporter-output>
          </reporter-output>
        </test-method> <!-- shutDriver -->
        <test-method status="PASS" signature="shutDriver()[pri:0, instance:com.scholastic.sso.shippingValidation.MixedCartPOBoxRegularAddTaxableNonTaxableStateSce4Test@3fee9989]" name="shutDriver" is-config="true" duration-ms="1000" started-at="2015-01-23T14:42:39Z" finished-at="2015-01-23T14:42:40Z">
          <reporter-output>
          </reporter-output>
        </test-method> <!-- shutDriver -->
        <test-method status="PASS" signature="shutDriver()[pri:0, instance:com.scholastic.sso.shippingValidation.MixedCartRegularAddressSce1Test@73ad2d6]" name="shutDriver" is-config="true" duration-ms="1000" started-at="2015-01-23T14:42:40Z" finished-at="2015-01-23T14:42:41Z">
          <reporter-output>
          </reporter-output>
        </test-method> <!-- shutDriver -->
        <test-method status="PASS" signature="shutDriver()[pri:0, instance:com.scholastic.sso.shippingValidation.MixedCartRegularAddressSce2Test@7085bdee]" name="shutDriver" is-config="true" duration-ms="1000" started-at="2015-01-23T14:42:41Z" finished-at="2015-01-23T14:42:42Z">
          <reporter-output>
          </reporter-output>
        </test-method> <!-- shutDriver -->
        <test-method status="PASS" signature="shutDriver()[pri:0, instance:com.scholastic.sso.placeOrders.QuickLookOrderItemsTest@e45f292]" name="shutDriver" is-config="true" duration-ms="1001" started-at="2015-01-23T14:42:42Z" finished-at="2015-01-23T14:42:43Z">
          <reporter-output>
          </reporter-output>
        </test-method> <!-- shutDriver -->
        <test-method status="PASS" signature="shutDriver()[pri:0, instance:com.scholastic.sso.misc.SearchValidationTest@2f686d1f]" name="shutDriver" is-config="true" duration-ms="1000" started-at="2015-01-23T14:42:43Z" finished-at="2015-01-23T14:42:44Z">
          <reporter-output>
          </reporter-output>
        </test-method> <!-- shutDriver -->
        <test-method status="PASS" signature="shutDriver()[pri:0, instance:com.scholastic.sso.shippingValidation.ShippingChargesMisc10Test@6fd02e5]" name="shutDriver" is-config="true" duration-ms="1000" started-at="2015-01-23T14:42:44Z" finished-at="2015-01-23T14:42:45Z">
          <reporter-output>
          </reporter-output>
        </test-method> <!-- shutDriver -->
        <test-method status="PASS" signature="shutDriver()[pri:0, instance:com.scholastic.sso.shippingValidation.ShippingChargesMisc1Test@14bf9759]" name="shutDriver" is-config="true" duration-ms="1000" started-at="2015-01-23T14:42:45Z" finished-at="2015-01-23T14:42:46Z">
          <reporter-output>
          </reporter-output>
        </test-method> <!-- shutDriver -->
        <test-method status="PASS" signature="shutDriver()[pri:0, instance:com.scholastic.sso.shippingValidation.ShippingChargesMisc2Test@3c0ecd4b]" name="shutDriver" is-config="true" duration-ms="1000" started-at="2015-01-23T14:42:46Z" finished-at="2015-01-23T14:42:47Z">
          <reporter-output>
          </reporter-output>
        </test-method> <!-- shutDriver -->
        <test-method status="PASS" signature="shutDriver()[pri:0, instance:com.scholastic.sso.shippingValidation.ShippingChargesMisc3Test@5f341870]" name="shutDriver" is-config="true" duration-ms="1000" started-at="2015-01-23T14:42:47Z" finished-at="2015-01-23T14:42:48Z">
          <reporter-output>
          </reporter-output>
        </test-method> <!-- shutDriver -->
        <test-method status="PASS" signature="shutDriver()[pri:0, instance:com.scholastic.sso.shippingValidation.ShippingChargesMisc4Test@402a079c]" name="shutDriver" is-config="true" duration-ms="1000" started-at="2015-01-23T14:42:48Z" finished-at="2015-01-23T14:42:49Z">
          <reporter-output>
          </reporter-output>
        </test-method> <!-- shutDriver -->
        <test-method status="PASS" signature="shutDriver()[pri:0, instance:com.scholastic.sso.shippingValidation.ShippingChargesMisc5Test@553f17c]" name="shutDriver" is-config="true" duration-ms="1000" started-at="2015-01-23T14:42:49Z" finished-at="2015-01-23T14:42:50Z">
          <reporter-output>
          </reporter-output>
        </test-method> <!-- shutDriver -->
        <test-method status="PASS" signature="shutDriver()[pri:0, instance:com.scholastic.sso.shippingValidation.ShippingChargesMisc6Test@1ce92674]" name="shutDriver" is-config="true" duration-ms="1000" started-at="2015-01-23T14:42:50Z" finished-at="2015-01-23T14:42:51Z">
          <reporter-output>
          </reporter-output>
        </test-method> <!-- shutDriver -->
        <test-method status="PASS" signature="shutDriver()[pri:0, instance:com.scholastic.sso.shippingValidation.ShippingChargesMisc7Test@4cf777e8]" name="shutDriver" is-config="true" duration-ms="1000" started-at="2015-01-23T14:42:51Z" finished-at="2015-01-23T14:42:52Z">
          <reporter-output>
          </reporter-output>
        </test-method> <!-- shutDriver -->
        <test-method status="PASS" signature="shutDriver()[pri:0, instance:com.scholastic.sso.shippingValidation.ShippingChargesMisc8Test@5bcab519]" name="shutDriver" is-config="true" duration-ms="1001" started-at="2015-01-23T14:42:52Z" finished-at="2015-01-23T14:42:53Z">
          <reporter-output>
          </reporter-output>
        </test-method> <!-- shutDriver -->
        <test-method status="PASS" signature="shutDriver()[pri:0, instance:com.scholastic.sso.shippingValidation.ShippingChargesMisc9Test@6500df86]" name="shutDriver" is-config="true" duration-ms="1000" started-at="2015-01-23T14:42:53Z" finished-at="2015-01-23T14:42:54Z">
          <reporter-output>
          </reporter-output>
        </test-method> <!-- shutDriver -->
      </class> <!-- com.scholastic.sso.shippingValidation.CartMergSigninDuringCheckoutSce5Test -->
      <class name="com.scholastic.sso.shippingValidation.ShippingChargesMisc10Test">
        <test-method status="SKIP" signature="shippingChargesMisc10Test(java.util.Hashtable)[pri:0, instance:com.scholastic.sso.shippingValidation.ShippingChargesMisc10Test@6fd02e5]" name="shippingChargesMisc10Test" duration-ms="35" started-at="2015-01-23T14:42:26Z" data-provider="ShippingValidationDataProvider" finished-at="2015-01-23T14:42:26Z">
          <params>
            <param index="0">
              <value>
                <![CDATA[{Runmode=N}]]>
              </value>
            </param>
          </params>
          <exception class="org.testng.SkipException">
            <message>
              <![CDATA[Skipping the test - ShippingChargesMisc10Test - inside the suite - ShippingValidationSuite]]>
            </message>
            <full-stacktrace>
              <![CDATA[org.testng.SkipException: Skipping the test - ShippingChargesMisc10Test - inside the suite - ShippingValidationSuite
	at com.scholastic.sso.TestBase.validateRunmodes(TestBase.java:95)
	at com.scholastic.sso.shippingValidation.ShippingChargesMisc10Test.shippingChargesMisc10Test(ShippingChargesMisc10Test.java:42)
	at sun.reflect.NativeMethodAccessorImpl.invoke0(Native Method)
	at sun.reflect.NativeMethodAccessorImpl.invoke(NativeMethodAccessorImpl.java:62)
	at sun.reflect.DelegatingMethodAccessorImpl.invoke(DelegatingMethodAccessorImpl.java:43)
	at java.lang.reflect.Method.invoke(Method.java:483)
	at org.testng.internal.MethodInvocationHelper.invokeMethod(MethodInvocationHelper.java:84)
	at org.testng.internal.Invoker.invokeMethod(Invoker.java:714)
	at org.testng.internal.Invoker.invokeTestMethod(Invoker.java:901)
	at org.testng.internal.Invoker.invokeTestMethods(Invoker.java:1231)
	at org.testng.internal.TestMethodWorker.invokeTestMethods(TestMethodWorker.java:127)
	at org.testng.internal.TestMethodWorker.run(TestMethodWorker.java:111)
	at org.testng.TestRunner.privateRun(TestRunner.java:767)
	at org.testng.TestRunner.run(TestRunner.java:617)
	at org.testng.SuiteRunner.runTest(SuiteRunner.java:334)
	at org.testng.SuiteRunner.runSequentially(SuiteRunner.java:329)
	at org.testng.SuiteRunner.privateRun(SuiteRunner.java:291)
	at org.testng.SuiteRunner.run(SuiteRunner.java:240)
	at org.testng.SuiteRunnerWorker.runSuite(SuiteRunnerWorker.java:52)
	at org.testng.SuiteRunnerWorker.run(SuiteRunnerWorker.java:86)
	at org.testng.TestNG.runSuitesSequentially(TestNG.java:1224)
	at org.testng.TestNG.runSuitesLocally(TestNG.java:1149)
	at org.testng.TestNG.run(TestNG.java:1057)
	at org.apache.maven.surefire.testng.TestNGExecutor.run(TestNGExecutor.java:77)
	at org.apache.maven.surefire.testng.TestNGDirectoryTestSuite.executeMulti(TestNGDirectoryTestSuite.java:159)
	at org.apache.maven.surefire.testng.TestNGDirectoryTestSuite.execute(TestNGDirectoryTestSuite.java:99)
	at org.apache.maven.surefire.testng.TestNGProvider.invoke(TestNGProvider.java:106)
	at sun.reflect.NativeMethodAccessorImpl.invoke0(Native Method)
	at sun.reflect.NativeMethodAccessorImpl.invoke(NativeMethodAccessorImpl.java:62)
	at sun.reflect.DelegatingMethodAccessorImpl.invoke(DelegatingMethodAccessorImpl.java:43)
	at java.lang.reflect.Method.invoke(Method.java:483)
	at org.apache.maven.surefire.util.ReflectionUtils.invokeMethodWithArray(ReflectionUtils.java:189)
	at org.apache.maven.surefire.booter.ProviderFactory$ProviderProxy.invoke(ProviderFactory.java:165)
	at org.apache.maven.surefire.booter.ProviderFactory.invokeProvider(ProviderFactory.java:85)
	at org.apache.maven.surefire.booter.ForkedBooter.runSuitesInProcess(ForkedBooter.java:115)
	at org.apache.maven.surefire.booter.ForkedBooter.main(ForkedBooter.java:75)
]]>
            </full-stacktrace>
          </exception> <!-- org.testng.SkipException -->
          <reporter-output>
          </reporter-output>
        </test-method> <!-- shippingChargesMisc10Test -->
        <test-method status="PASS" signature="takeScreenShotOnFailure(org.testng.ITestResult)[pri:0, instance:com.scholastic.sso.shippingValidation.ShippingChargesMisc10Test@6fd02e5]" name="takeScreenShotOnFailure" is-config="true" duration-ms="0" started-at="2015-01-23T14:42:26Z" finished-at="2015-01-23T14:42:26Z">
          <params>
            <param index="0">
              <value>
                <![CDATA[[TestResult name=shippingChargesMisc10Test status=SKIP method=ShippingChargesMisc10Test.shippingChargesMisc10Test(java.util.Hashtable)[pri:0, instance:com.scholastic.sso.shippingValidation.ShippingChargesMisc10Test@6fd02e5] output={null}]]]>
              </value>
            </param>
          </params>
          <reporter-output>
          </reporter-output>
        </test-method> <!-- takeScreenShotOnFailure -->
      </class> <!-- com.scholastic.sso.shippingValidation.ShippingChargesMisc10Test -->
      <class name="com.scholastic.sso.shippingValidation.ShippingChargesMisc1Test">
        <test-method status="SKIP" signature="shippingChargesMisc1Test(java.util.Hashtable)[pri:0, instance:com.scholastic.sso.shippingValidation.ShippingChargesMisc1Test@14bf9759]" name="shippingChargesMisc1Test" duration-ms="47" started-at="2015-01-23T14:42:35Z" data-provider="ShippingValidationDataProvider" finished-at="2015-01-23T14:42:35Z">
          <params>
            <param index="0">
              <value>
                <![CDATA[{Runmode=N}]]>
              </value>
            </param>
          </params>
          <exception class="org.testng.SkipException">
            <message>
              <![CDATA[Skipping the test - ShippingChargesMisc1Test - inside the suite - ShippingValidationSuite]]>
            </message>
            <full-stacktrace>
              <![CDATA[org.testng.SkipException: Skipping the test - ShippingChargesMisc1Test - inside the suite - ShippingValidationSuite
	at com.scholastic.sso.TestBase.validateRunmodes(TestBase.java:95)
	at com.scholastic.sso.shippingValidation.ShippingChargesMisc1Test.shippingChargesMisc1Test(ShippingChargesMisc1Test.java:46)
	at sun.reflect.NativeMethodAccessorImpl.invoke0(Native Method)
	at sun.reflect.NativeMethodAccessorImpl.invoke(NativeMethodAccessorImpl.java:62)
	at sun.reflect.DelegatingMethodAccessorImpl.invoke(DelegatingMethodAccessorImpl.java:43)
	at java.lang.reflect.Method.invoke(Method.java:483)
	at org.testng.internal.MethodInvocationHelper.invokeMethod(MethodInvocationHelper.java:84)
	at org.testng.internal.Invoker.invokeMethod(Invoker.java:714)
	at org.testng.internal.Invoker.invokeTestMethod(Invoker.java:901)
	at org.testng.internal.Invoker.invokeTestMethods(Invoker.java:1231)
	at org.testng.internal.TestMethodWorker.invokeTestMethods(TestMethodWorker.java:127)
	at org.testng.internal.TestMethodWorker.run(TestMethodWorker.java:111)
	at org.testng.TestRunner.privateRun(TestRunner.java:767)
	at org.testng.TestRunner.run(TestRunner.java:617)
	at org.testng.SuiteRunner.runTest(SuiteRunner.java:334)
	at org.testng.SuiteRunner.runSequentially(SuiteRunner.java:329)
	at org.testng.SuiteRunner.privateRun(SuiteRunner.java:291)
	at org.testng.SuiteRunner.run(SuiteRunner.java:240)
	at org.testng.SuiteRunnerWorker.runSuite(SuiteRunnerWorker.java:52)
	at org.testng.SuiteRunnerWorker.run(SuiteRunnerWorker.java:86)
	at org.testng.TestNG.runSuitesSequentially(TestNG.java:1224)
	at org.testng.TestNG.runSuitesLocally(TestNG.java:1149)
	at org.testng.TestNG.run(TestNG.java:1057)
	at org.apache.maven.surefire.testng.TestNGExecutor.run(TestNGExecutor.java:77)
	at org.apache.maven.surefire.testng.TestNGDirectoryTestSuite.executeMulti(TestNGDirectoryTestSuite.java:159)
	at org.apache.maven.surefire.testng.TestNGDirectoryTestSuite.execute(TestNGDirectoryTestSuite.java:99)
	at org.apache.maven.surefire.testng.TestNGProvider.invoke(TestNGProvider.java:106)
	at sun.reflect.NativeMethodAccessorImpl.invoke0(Native Method)
	at sun.reflect.NativeMethodAccessorImpl.invoke(NativeMethodAccessorImpl.java:62)
	at sun.reflect.DelegatingMethodAccessorImpl.invoke(DelegatingMethodAccessorImpl.java:43)
	at java.lang.reflect.Method.invoke(Method.java:483)
	at org.apache.maven.surefire.util.ReflectionUtils.invokeMethodWithArray(ReflectionUtils.java:189)
	at org.apache.maven.surefire.booter.ProviderFactory$ProviderProxy.invoke(ProviderFactory.java:165)
	at org.apache.maven.surefire.booter.ProviderFactory.invokeProvider(ProviderFactory.java:85)
	at org.apache.maven.surefire.booter.ForkedBooter.runSuitesInProcess(ForkedBooter.java:115)
	at org.apache.maven.surefire.booter.ForkedBooter.main(ForkedBooter.java:75)
]]>
            </full-stacktrace>
          </exception> <!-- org.testng.SkipException -->
          <reporter-output>
          </reporter-output>
        </test-method> <!-- shippingChargesMisc1Test -->
        <test-method status="PASS" signature="takeScreenShotOnFailure(org.testng.ITestResult)[pri:0, instance:com.scholastic.sso.shippingValidation.ShippingChargesMisc1Test@14bf9759]" name="takeScreenShotOnFailure" is-config="true" duration-ms="0" started-at="2015-01-23T14:42:35Z" finished-at="2015-01-23T14:42:35Z">
          <params>
            <param index="0">
              <value>
                <![CDATA[[TestResult name=shippingChargesMisc1Test status=SKIP method=ShippingChargesMisc1Test.shippingChargesMisc1Test(java.util.Hashtable)[pri:0, instance:com.scholastic.sso.shippingValidation.ShippingChargesMisc1Test@14bf9759] output={null}]]]>
              </value>
            </param>
          </params>
          <reporter-output>
          </reporter-output>
        </test-method> <!-- takeScreenShotOnFailure -->
      </class> <!-- com.scholastic.sso.shippingValidation.ShippingChargesMisc1Test -->
      <class name="com.scholastic.sso.shippingValidation.ShippingChargesMisc8Test">
        <test-method status="SKIP" signature="shippingChargesMisc8Test(java.util.Hashtable)[pri:0, instance:com.scholastic.sso.shippingValidation.ShippingChargesMisc8Test@5bcab519]" name="shippingChargesMisc8Test" duration-ms="44" started-at="2015-01-23T14:42:26Z" data-provider="ShippingValidationDataProvider" finished-at="2015-01-23T14:42:26Z">
          <params>
            <param index="0">
              <value>
                <![CDATA[{Runmode=N}]]>
              </value>
            </param>
          </params>
          <exception class="org.testng.SkipException">
            <message>
              <![CDATA[Skipping the test - ShippingChargesMisc8Test - inside the suite - ShippingValidationSuite]]>
            </message>
            <full-stacktrace>
              <![CDATA[org.testng.SkipException: Skipping the test - ShippingChargesMisc8Test - inside the suite - ShippingValidationSuite
	at com.scholastic.sso.TestBase.validateRunmodes(TestBase.java:95)
	at com.scholastic.sso.shippingValidation.ShippingChargesMisc8Test.shippingChargesMisc8Test(ShippingChargesMisc8Test.java:44)
	at sun.reflect.NativeMethodAccessorImpl.invoke0(Native Method)
	at sun.reflect.NativeMethodAccessorImpl.invoke(NativeMethodAccessorImpl.java:62)
	at sun.reflect.DelegatingMethodAccessorImpl.invoke(DelegatingMethodAccessorImpl.java:43)
	at java.lang.reflect.Method.invoke(Method.java:483)
	at org.testng.internal.MethodInvocationHelper.invokeMethod(MethodInvocationHelper.java:84)
	at org.testng.internal.Invoker.invokeMethod(Invoker.java:714)
	at org.testng.internal.Invoker.invokeTestMethod(Invoker.java:901)
	at org.testng.internal.Invoker.invokeTestMethods(Invoker.java:1231)
	at org.testng.internal.TestMethodWorker.invokeTestMethods(TestMethodWorker.java:127)
	at org.testng.internal.TestMethodWorker.run(TestMethodWorker.java:111)
	at org.testng.TestRunner.privateRun(TestRunner.java:767)
	at org.testng.TestRunner.run(TestRunner.java:617)
	at org.testng.SuiteRunner.runTest(SuiteRunner.java:334)
	at org.testng.SuiteRunner.runSequentially(SuiteRunner.java:329)
	at org.testng.SuiteRunner.privateRun(SuiteRunner.java:291)
	at org.testng.SuiteRunner.run(SuiteRunner.java:240)
	at org.testng.SuiteRunnerWorker.runSuite(SuiteRunnerWorker.java:52)
	at org.testng.SuiteRunnerWorker.run(SuiteRunnerWorker.java:86)
	at org.testng.TestNG.runSuitesSequentially(TestNG.java:1224)
	at org.testng.TestNG.runSuitesLocally(TestNG.java:1149)
	at org.testng.TestNG.run(TestNG.java:1057)
	at org.apache.maven.surefire.testng.TestNGExecutor.run(TestNGExecutor.java:77)
	at org.apache.maven.surefire.testng.TestNGDirectoryTestSuite.executeMulti(TestNGDirectoryTestSuite.java:159)
	at org.apache.maven.surefire.testng.TestNGDirectoryTestSuite.execute(TestNGDirectoryTestSuite.java:99)
	at org.apache.maven.surefire.testng.TestNGProvider.invoke(TestNGProvider.java:106)
	at sun.reflect.NativeMethodAccessorImpl.invoke0(Native Method)
	at sun.reflect.NativeMethodAccessorImpl.invoke(NativeMethodAccessorImpl.java:62)
	at sun.reflect.DelegatingMethodAccessorImpl.invoke(DelegatingMethodAccessorImpl.java:43)
	at java.lang.reflect.Method.invoke(Method.java:483)
	at org.apache.maven.surefire.util.ReflectionUtils.invokeMethodWithArray(ReflectionUtils.java:189)
	at org.apache.maven.surefire.booter.ProviderFactory$ProviderProxy.invoke(ProviderFactory.java:165)
	at org.apache.maven.surefire.booter.ProviderFactory.invokeProvider(ProviderFactory.java:85)
	at org.apache.maven.surefire.booter.ForkedBooter.runSuitesInProcess(ForkedBooter.java:115)
	at org.apache.maven.surefire.booter.ForkedBooter.main(ForkedBooter.java:75)
]]>
            </full-stacktrace>
          </exception> <!-- org.testng.SkipException -->
          <reporter-output>
          </reporter-output>
        </test-method> <!-- shippingChargesMisc8Test -->
        <test-method status="PASS" signature="takeScreenShotOnFailure(org.testng.ITestResult)[pri:0, instance:com.scholastic.sso.shippingValidation.ShippingChargesMisc8Test@5bcab519]" name="takeScreenShotOnFailure" is-config="true" duration-ms="1" started-at="2015-01-23T14:42:26Z" finished-at="2015-01-23T14:42:26Z">
          <params>
            <param index="0">
              <value>
                <![CDATA[[TestResult name=shippingChargesMisc8Test status=SKIP method=ShippingChargesMisc8Test.shippingChargesMisc8Test(java.util.Hashtable)[pri:0, instance:com.scholastic.sso.shippingValidation.ShippingChargesMisc8Test@5bcab519] output={null}]]]>
              </value>
            </param>
          </params>
          <reporter-output>
          </reporter-output>
        </test-method> <!-- takeScreenShotOnFailure -->
      </class> <!-- com.scholastic.sso.shippingValidation.ShippingChargesMisc8Test -->
      <class name="com.scholastic.sso.shippingValidation.ShippingChargesMisc6Test">
        <test-method status="SKIP" signature="shippingChargesMisc6Test(java.util.Hashtable)[pri:0, instance:com.scholastic.sso.shippingValidation.ShippingChargesMisc6Test@1ce92674]" name="shippingChargesMisc6Test" duration-ms="33" started-at="2015-01-23T14:42:26Z" data-provider="ShippingValidationDataProvider" finished-at="2015-01-23T14:42:26Z">
          <params>
            <param index="0">
              <value>
                <![CDATA[{Runmode=N}]]>
              </value>
            </param>
          </params>
          <exception class="org.testng.SkipException">
            <message>
              <![CDATA[Skipping the test - ShippingChargesMisc6Test - inside the suite - ShippingValidationSuite]]>
            </message>
            <full-stacktrace>
              <![CDATA[org.testng.SkipException: Skipping the test - ShippingChargesMisc6Test - inside the suite - ShippingValidationSuite
	at com.scholastic.sso.TestBase.validateRunmodes(TestBase.java:95)
	at com.scholastic.sso.shippingValidation.ShippingChargesMisc6Test.shippingChargesMisc6Test(ShippingChargesMisc6Test.java:44)
	at sun.reflect.NativeMethodAccessorImpl.invoke0(Native Method)
	at sun.reflect.NativeMethodAccessorImpl.invoke(NativeMethodAccessorImpl.java:62)
	at sun.reflect.DelegatingMethodAccessorImpl.invoke(DelegatingMethodAccessorImpl.java:43)
	at java.lang.reflect.Method.invoke(Method.java:483)
	at org.testng.internal.MethodInvocationHelper.invokeMethod(MethodInvocationHelper.java:84)
	at org.testng.internal.Invoker.invokeMethod(Invoker.java:714)
	at org.testng.internal.Invoker.invokeTestMethod(Invoker.java:901)
	at org.testng.internal.Invoker.invokeTestMethods(Invoker.java:1231)
	at org.testng.internal.TestMethodWorker.invokeTestMethods(TestMethodWorker.java:127)
	at org.testng.internal.TestMethodWorker.run(TestMethodWorker.java:111)
	at org.testng.TestRunner.privateRun(TestRunner.java:767)
	at org.testng.TestRunner.run(TestRunner.java:617)
	at org.testng.SuiteRunner.runTest(SuiteRunner.java:334)
	at org.testng.SuiteRunner.runSequentially(SuiteRunner.java:329)
	at org.testng.SuiteRunner.privateRun(SuiteRunner.java:291)
	at org.testng.SuiteRunner.run(SuiteRunner.java:240)
	at org.testng.SuiteRunnerWorker.runSuite(SuiteRunnerWorker.java:52)
	at org.testng.SuiteRunnerWorker.run(SuiteRunnerWorker.java:86)
	at org.testng.TestNG.runSuitesSequentially(TestNG.java:1224)
	at org.testng.TestNG.runSuitesLocally(TestNG.java:1149)
	at org.testng.TestNG.run(TestNG.java:1057)
	at org.apache.maven.surefire.testng.TestNGExecutor.run(TestNGExecutor.java:77)
	at org.apache.maven.surefire.testng.TestNGDirectoryTestSuite.executeMulti(TestNGDirectoryTestSuite.java:159)
	at org.apache.maven.surefire.testng.TestNGDirectoryTestSuite.execute(TestNGDirectoryTestSuite.java:99)
	at org.apache.maven.surefire.testng.TestNGProvider.invoke(TestNGProvider.java:106)
	at sun.reflect.NativeMethodAccessorImpl.invoke0(Native Method)
	at sun.reflect.NativeMethodAccessorImpl.invoke(NativeMethodAccessorImpl.java:62)
	at sun.reflect.DelegatingMethodAccessorImpl.invoke(DelegatingMethodAccessorImpl.java:43)
	at java.lang.reflect.Method.invoke(Method.java:483)
	at org.apache.maven.surefire.util.ReflectionUtils.invokeMethodWithArray(ReflectionUtils.java:189)
	at org.apache.maven.surefire.booter.ProviderFactory$ProviderProxy.invoke(ProviderFactory.java:165)
	at org.apache.maven.surefire.booter.ProviderFactory.invokeProvider(ProviderFactory.java:85)
	at org.apache.maven.surefire.booter.ForkedBooter.runSuitesInProcess(ForkedBooter.java:115)
	at org.apache.maven.surefire.booter.ForkedBooter.main(ForkedBooter.java:75)
]]>
            </full-stacktrace>
          </exception> <!-- org.testng.SkipException -->
          <reporter-output>
          </reporter-output>
        </test-method> <!-- shippingChargesMisc6Test -->
        <test-method status="PASS" signature="takeScreenShotOnFailure(org.testng.ITestResult)[pri:0, instance:com.scholastic.sso.shippingValidation.ShippingChargesMisc6Test@1ce92674]" name="takeScreenShotOnFailure" is-config="true" duration-ms="0" started-at="2015-01-23T14:42:26Z" finished-at="2015-01-23T14:42:26Z">
          <params>
            <param index="0">
              <value>
                <![CDATA[[TestResult name=shippingChargesMisc6Test status=SKIP method=ShippingChargesMisc6Test.shippingChargesMisc6Test(java.util.Hashtable)[pri:0, instance:com.scholastic.sso.shippingValidation.ShippingChargesMisc6Test@1ce92674] output={null}]]]>
              </value>
            </param>
          </params>
          <reporter-output>
          </reporter-output>
        </test-method> <!-- takeScreenShotOnFailure -->
      </class> <!-- com.scholastic.sso.shippingValidation.ShippingChargesMisc6Test -->
      <class name="com.scholastic.sso.shippingValidation.ShippingChargesMisc3Test">
        <test-method status="SKIP" signature="shippingChargesMisc3Test(java.util.Hashtable)[pri:0, instance:com.scholastic.sso.shippingValidation.ShippingChargesMisc3Test@5f341870]" name="shippingChargesMisc3Test" duration-ms="68" started-at="2015-01-23T14:42:26Z" data-provider="ShippingValidationDataProvider" finished-at="2015-01-23T14:42:26Z">
          <params>
            <param index="0">
              <value>
                <![CDATA[{Runmode=N}]]>
              </value>
            </param>
          </params>
          <exception class="org.testng.SkipException">
            <message>
              <![CDATA[Skipping the test - ShippingChargesMisc3Test - inside the suite - ShippingValidationSuite]]>
            </message>
            <full-stacktrace>
              <![CDATA[org.testng.SkipException: Skipping the test - ShippingChargesMisc3Test - inside the suite - ShippingValidationSuite
	at com.scholastic.sso.TestBase.validateRunmodes(TestBase.java:95)
	at com.scholastic.sso.shippingValidation.ShippingChargesMisc3Test.shippingChargesMisc3Test(ShippingChargesMisc3Test.java:44)
	at sun.reflect.NativeMethodAccessorImpl.invoke0(Native Method)
	at sun.reflect.NativeMethodAccessorImpl.invoke(NativeMethodAccessorImpl.java:62)
	at sun.reflect.DelegatingMethodAccessorImpl.invoke(DelegatingMethodAccessorImpl.java:43)
	at java.lang.reflect.Method.invoke(Method.java:483)
	at org.testng.internal.MethodInvocationHelper.invokeMethod(MethodInvocationHelper.java:84)
	at org.testng.internal.Invoker.invokeMethod(Invoker.java:714)
	at org.testng.internal.Invoker.invokeTestMethod(Invoker.java:901)
	at org.testng.internal.Invoker.invokeTestMethods(Invoker.java:1231)
	at org.testng.internal.TestMethodWorker.invokeTestMethods(TestMethodWorker.java:127)
	at org.testng.internal.TestMethodWorker.run(TestMethodWorker.java:111)
	at org.testng.TestRunner.privateRun(TestRunner.java:767)
	at org.testng.TestRunner.run(TestRunner.java:617)
	at org.testng.SuiteRunner.runTest(SuiteRunner.java:334)
	at org.testng.SuiteRunner.runSequentially(SuiteRunner.java:329)
	at org.testng.SuiteRunner.privateRun(SuiteRunner.java:291)
	at org.testng.SuiteRunner.run(SuiteRunner.java:240)
	at org.testng.SuiteRunnerWorker.runSuite(SuiteRunnerWorker.java:52)
	at org.testng.SuiteRunnerWorker.run(SuiteRunnerWorker.java:86)
	at org.testng.TestNG.runSuitesSequentially(TestNG.java:1224)
	at org.testng.TestNG.runSuitesLocally(TestNG.java:1149)
	at org.testng.TestNG.run(TestNG.java:1057)
	at org.apache.maven.surefire.testng.TestNGExecutor.run(TestNGExecutor.java:77)
	at org.apache.maven.surefire.testng.TestNGDirectoryTestSuite.executeMulti(TestNGDirectoryTestSuite.java:159)
	at org.apache.maven.surefire.testng.TestNGDirectoryTestSuite.execute(TestNGDirectoryTestSuite.java:99)
	at org.apache.maven.surefire.testng.TestNGProvider.invoke(TestNGProvider.java:106)
	at sun.reflect.NativeMethodAccessorImpl.invoke0(Native Method)
	at sun.reflect.NativeMethodAccessorImpl.invoke(NativeMethodAccessorImpl.java:62)
	at sun.reflect.DelegatingMethodAccessorImpl.invoke(DelegatingMethodAccessorImpl.java:43)
	at java.lang.reflect.Method.invoke(Method.java:483)
	at org.apache.maven.surefire.util.ReflectionUtils.invokeMethodWithArray(ReflectionUtils.java:189)
	at org.apache.maven.surefire.booter.ProviderFactory$ProviderProxy.invoke(ProviderFactory.java:165)
	at org.apache.maven.surefire.booter.ProviderFactory.invokeProvider(ProviderFactory.java:85)
	at org.apache.maven.surefire.booter.ForkedBooter.runSuitesInProcess(ForkedBooter.java:115)
	at org.apache.maven.surefire.booter.ForkedBooter.main(ForkedBooter.java:75)
]]>
            </full-stacktrace>
          </exception> <!-- org.testng.SkipException -->
          <reporter-output>
          </reporter-output>
        </test-method> <!-- shippingChargesMisc3Test -->
        <test-method status="PASS" signature="takeScreenShotOnFailure(org.testng.ITestResult)[pri:0, instance:com.scholastic.sso.shippingValidation.ShippingChargesMisc3Test@5f341870]" name="takeScreenShotOnFailure" is-config="true" duration-ms="0" started-at="2015-01-23T14:42:26Z" finished-at="2015-01-23T14:42:26Z">
          <params>
            <param index="0">
              <value>
                <![CDATA[[TestResult name=shippingChargesMisc3Test status=SKIP method=ShippingChargesMisc3Test.shippingChargesMisc3Test(java.util.Hashtable)[pri:0, instance:com.scholastic.sso.shippingValidation.ShippingChargesMisc3Test@5f341870] output={null}]]]>
              </value>
            </param>
          </params>
          <reporter-output>
          </reporter-output>
        </test-method> <!-- takeScreenShotOnFailure -->
      </class> <!-- com.scholastic.sso.shippingValidation.ShippingChargesMisc3Test -->
      <class name="com.scholastic.sso.shippingValidation.MixedCartPOBoxRegularAddTaxableNonTaxableStateSce4Test">
        <test-method status="SKIP" signature="mixedCartPOBoxRegularAddTaxableNonTaxableStateSce4Test(java.util.Hashtable)[pri:0, instance:com.scholastic.sso.shippingValidation.MixedCartPOBoxRegularAddTaxableNonTaxableStateSce4Test@3fee9989]" name="mixedCartPOBoxRegularAddTaxableNonTaxableStateSce4Test" duration-ms="132" started-at="2015-01-23T14:41:22Z" data-provider="ShippingValidationDataProvider" finished-at="2015-01-23T14:41:22Z">
          <params>
            <param index="0">
              <value>
                <![CDATA[{Runmode=N}]]>
              </value>
            </param>
          </params>
          <exception class="org.testng.SkipException">
            <message>
              <![CDATA[Skipping the test - MixedCartPOBoxRegularAddTaxableNonTaxableStateSce4Test - inside the suite - ShippingValidationSuite]]>
            </message>
            <full-stacktrace>
              <![CDATA[org.testng.SkipException: Skipping the test - MixedCartPOBoxRegularAddTaxableNonTaxableStateSce4Test - inside the suite - ShippingValidationSuite
	at com.scholastic.sso.TestBase.validateRunmodes(TestBase.java:95)
	at com.scholastic.sso.shippingValidation.MixedCartPOBoxRegularAddTaxableNonTaxableStateSce4Test.mixedCartPOBoxRegularAddTaxableNonTaxableStateSce4Test(MixedCartPOBoxRegularAddTaxableNonTaxableStateSce4Test.java:45)
	at sun.reflect.NativeMethodAccessorImpl.invoke0(Native Method)
	at sun.reflect.NativeMethodAccessorImpl.invoke(NativeMethodAccessorImpl.java:62)
	at sun.reflect.DelegatingMethodAccessorImpl.invoke(DelegatingMethodAccessorImpl.java:43)
	at java.lang.reflect.Method.invoke(Method.java:483)
	at org.testng.internal.MethodInvocationHelper.invokeMethod(MethodInvocationHelper.java:84)
	at org.testng.internal.Invoker.invokeMethod(Invoker.java:714)
	at org.testng.internal.Invoker.invokeTestMethod(Invoker.java:901)
	at org.testng.internal.Invoker.invokeTestMethods(Invoker.java:1231)
	at org.testng.internal.TestMethodWorker.invokeTestMethods(TestMethodWorker.java:127)
	at org.testng.internal.TestMethodWorker.run(TestMethodWorker.java:111)
	at org.testng.TestRunner.privateRun(TestRunner.java:767)
	at org.testng.TestRunner.run(TestRunner.java:617)
	at org.testng.SuiteRunner.runTest(SuiteRunner.java:334)
	at org.testng.SuiteRunner.runSequentially(SuiteRunner.java:329)
	at org.testng.SuiteRunner.privateRun(SuiteRunner.java:291)
	at org.testng.SuiteRunner.run(SuiteRunner.java:240)
	at org.testng.SuiteRunnerWorker.runSuite(SuiteRunnerWorker.java:52)
	at org.testng.SuiteRunnerWorker.run(SuiteRunnerWorker.java:86)
	at org.testng.TestNG.runSuitesSequentially(TestNG.java:1224)
	at org.testng.TestNG.runSuitesLocally(TestNG.java:1149)
	at org.testng.TestNG.run(TestNG.java:1057)
	at org.apache.maven.surefire.testng.TestNGExecutor.run(TestNGExecutor.java:77)
	at org.apache.maven.surefire.testng.TestNGDirectoryTestSuite.executeMulti(TestNGDirectoryTestSuite.java:159)
	at org.apache.maven.surefire.testng.TestNGDirectoryTestSuite.execute(TestNGDirectoryTestSuite.java:99)
	at org.apache.maven.surefire.testng.TestNGProvider.invoke(TestNGProvider.java:106)
	at sun.reflect.NativeMethodAccessorImpl.invoke0(Native Method)
	at sun.reflect.NativeMethodAccessorImpl.invoke(NativeMethodAccessorImpl.java:62)
	at sun.reflect.DelegatingMethodAccessorImpl.invoke(DelegatingMethodAccessorImpl.java:43)
	at java.lang.reflect.Method.invoke(Method.java:483)
	at org.apache.maven.surefire.util.ReflectionUtils.invokeMethodWithArray(ReflectionUtils.java:189)
	at org.apache.maven.surefire.booter.ProviderFactory$ProviderProxy.invoke(ProviderFactory.java:165)
	at org.apache.maven.surefire.booter.ProviderFactory.invokeProvider(ProviderFactory.java:85)
	at org.apache.maven.surefire.booter.ForkedBooter.runSuitesInProcess(ForkedBooter.java:115)
	at org.apache.maven.surefire.booter.ForkedBooter.main(ForkedBooter.java:75)
]]>
            </full-stacktrace>
          </exception> <!-- org.testng.SkipException -->
          <reporter-output>
          </reporter-output>
        </test-method> <!-- mixedCartPOBoxRegularAddTaxableNonTaxableStateSce4Test -->
        <test-method status="PASS" signature="takeScreenShotOnFailure(org.testng.ITestResult)[pri:0, instance:com.scholastic.sso.shippingValidation.MixedCartPOBoxRegularAddTaxableNonTaxableStateSce4Test@3fee9989]" name="takeScreenShotOnFailure" is-config="true" duration-ms="7" started-at="2015-01-23T14:41:22Z" finished-at="2015-01-23T14:41:22Z">
          <params>
            <param index="0">
              <value>
                <![CDATA[[TestResult name=mixedCartPOBoxRegularAddTaxableNonTaxableStateSce4Test status=SKIP method=MixedCartPOBoxRegularAddTaxableNonTaxableStateSce4Test.mixedCartPOBoxRegularAddTaxableNonTaxableStateSce4Test(java.util.Hashtable)[pri:0, instance:com.scholastic.sso.shippingValidation.MixedCartPOBoxRegularAddTaxableNonTaxableStateSce4Test@3fee9989] output={null}]]]>
              </value>
            </param>
          </params>
          <reporter-output>
          </reporter-output>
        </test-method> <!-- takeScreenShotOnFailure -->
      </class> <!-- com.scholastic.sso.shippingValidation.MixedCartPOBoxRegularAddTaxableNonTaxableStateSce4Test -->
      <class name="com.scholastic.sso.misc.StrangeLoopTest">
        <test-method status="FAIL" signature="hoverAndClickMenuTabs()[pri:0, instance:com.scholastic.sso.misc.StrangeLoopTest@4f7d0008]" name="hoverAndClickMenuTabs" duration-ms="2031" started-at="2015-01-23T14:42:26Z" finished-at="2015-01-23T14:42:28Z">
          <exception class="java.lang.IllegalArgumentException">
            <message>
              <![CDATA[Must provide a location for a move action.]]>
            </message>
            <full-stacktrace>
              <![CDATA[java.lang.IllegalArgumentException: Must provide a location for a move action.
	at org.openqa.selenium.interactions.MoveMouseAction.<init>(MoveMouseAction.java:30)
	at org.openqa.selenium.interactions.Actions.moveToElement(Actions.java:251)
	at com.scholastic.sso.util.TestUtil.getLinkCount(TestUtil.java:948)
	at com.scholastic.sso.misc.StrangeLoopTest.hoverAndClickMenuTabs(StrangeLoopTest.java:35)
	at sun.reflect.NativeMethodAccessorImpl.invoke0(Native Method)
	at sun.reflect.NativeMethodAccessorImpl.invoke(NativeMethodAccessorImpl.java:62)
	at sun.reflect.DelegatingMethodAccessorImpl.invoke(DelegatingMethodAccessorImpl.java:43)
	at java.lang.reflect.Method.invoke(Method.java:483)
	at org.testng.internal.MethodInvocationHelper.invokeMethod(MethodInvocationHelper.java:84)
	at org.testng.internal.Invoker.invokeMethod(Invoker.java:714)
	at org.testng.internal.Invoker.invokeTestMethod(Invoker.java:901)
	at org.testng.internal.Invoker.invokeTestMethods(Invoker.java:1231)
	at org.testng.internal.TestMethodWorker.invokeTestMethods(TestMethodWorker.java:127)
	at org.testng.internal.TestMethodWorker.run(TestMethodWorker.java:111)
	at org.testng.TestRunner.privateRun(TestRunner.java:767)
	at org.testng.TestRunner.run(TestRunner.java:617)
	at org.testng.SuiteRunner.runTest(SuiteRunner.java:334)
	at org.testng.SuiteRunner.runSequentially(SuiteRunner.java:329)
	at org.testng.SuiteRunner.privateRun(SuiteRunner.java:291)
	at org.testng.SuiteRunner.run(SuiteRunner.java:240)
	at org.testng.SuiteRunnerWorker.runSuite(SuiteRunnerWorker.java:52)
	at org.testng.SuiteRunnerWorker.run(SuiteRunnerWorker.java:86)
	at org.testng.TestNG.runSuitesSequentially(TestNG.java:1224)
	at org.testng.TestNG.runSuitesLocally(TestNG.java:1149)
	at org.testng.TestNG.run(TestNG.java:1057)
	at org.apache.maven.surefire.testng.TestNGExecutor.run(TestNGExecutor.java:77)
	at org.apache.maven.surefire.testng.TestNGDirectoryTestSuite.executeMulti(TestNGDirectoryTestSuite.java:159)
	at org.apache.maven.surefire.testng.TestNGDirectoryTestSuite.execute(TestNGDirectoryTestSuite.java:99)
	at org.apache.maven.surefire.testng.TestNGProvider.invoke(TestNGProvider.java:106)
	at sun.reflect.NativeMethodAccessorImpl.invoke0(Native Method)
	at sun.reflect.NativeMethodAccessorImpl.invoke(NativeMethodAccessorImpl.java:62)
	at sun.reflect.DelegatingMethodAccessorImpl.invoke(DelegatingMethodAccessorImpl.java:43)
	at java.lang.reflect.Method.invoke(Method.java:483)
	at org.apache.maven.surefire.util.ReflectionUtils.invokeMethodWithArray(ReflectionUtils.java:189)
	at org.apache.maven.surefire.booter.ProviderFactory$ProviderProxy.invoke(ProviderFactory.java:165)
	at org.apache.maven.surefire.booter.ProviderFactory.invokeProvider(ProviderFactory.java:85)
	at org.apache.maven.surefire.booter.ForkedBooter.runSuitesInProcess(ForkedBooter.java:115)
	at org.apache.maven.surefire.booter.ForkedBooter.main(ForkedBooter.java:75)
]]>
            </full-stacktrace>
          </exception> <!-- java.lang.IllegalArgumentException -->
          <reporter-output>
          </reporter-output>
        </test-method> <!-- hoverAndClickMenuTabs -->
      </class> <!-- com.scholastic.sso.misc.StrangeLoopTest -->
      <class name="com.scholastic.sso.misc.AddEditDeleteCreditCardTest">
        <test-method status="PASS" signature="beforeTest()[pri:0, instance:com.scholastic.sso.misc.AddEditDeleteCreditCardTest@42dafa95]" name="beforeTest" is-config="true" duration-ms="1" started-at="2015-01-23T14:42:35Z" finished-at="2015-01-23T14:42:35Z">
          <reporter-output>
          </reporter-output>
        </test-method> <!-- beforeTest -->
        <test-method status="SKIP" signature="addCreditCardInfoTest(java.util.Hashtable)[pri:0, instance:com.scholastic.sso.misc.AddEditDeleteCreditCardTest@42dafa95]" name="addCreditCardInfoTest" duration-ms="41" started-at="2015-01-23T14:42:35Z" data-provider="MiscDataProvider" finished-at="2015-01-23T14:42:35Z">
          <params>
            <param index="0">
              <value>
                <![CDATA[{Runmode=Y}]]>
              </value>
            </param>
          </params>
          <exception class="org.testng.SkipException">
            <message>
              <![CDATA[Skipping the test - AddCreditCardInfoTest - inside the suite - MiscSuite]]>
            </message>
            <full-stacktrace>
              <![CDATA[org.testng.SkipException: Skipping the test - AddCreditCardInfoTest - inside the suite - MiscSuite
	at com.scholastic.sso.TestBase.validateRunmodes(TestBase.java:95)
	at com.scholastic.sso.misc.AddEditDeleteCreditCardTest.addCreditCardInfoTest(AddEditDeleteCreditCardTest.java:38)
	at sun.reflect.NativeMethodAccessorImpl.invoke0(Native Method)
	at sun.reflect.NativeMethodAccessorImpl.invoke(NativeMethodAccessorImpl.java:62)
	at sun.reflect.DelegatingMethodAccessorImpl.invoke(DelegatingMethodAccessorImpl.java:43)
	at java.lang.reflect.Method.invoke(Method.java:483)
	at org.testng.internal.MethodInvocationHelper.invokeMethod(MethodInvocationHelper.java:84)
	at org.testng.internal.Invoker.invokeMethod(Invoker.java:714)
	at org.testng.internal.Invoker.invokeTestMethod(Invoker.java:901)
	at org.testng.internal.Invoker.invokeTestMethods(Invoker.java:1231)
	at org.testng.internal.TestMethodWorker.invokeTestMethods(TestMethodWorker.java:127)
	at org.testng.internal.TestMethodWorker.run(TestMethodWorker.java:111)
	at org.testng.TestRunner.privateRun(TestRunner.java:767)
	at org.testng.TestRunner.run(TestRunner.java:617)
	at org.testng.SuiteRunner.runTest(SuiteRunner.java:334)
	at org.testng.SuiteRunner.runSequentially(SuiteRunner.java:329)
	at org.testng.SuiteRunner.privateRun(SuiteRunner.java:291)
	at org.testng.SuiteRunner.run(SuiteRunner.java:240)
	at org.testng.SuiteRunnerWorker.runSuite(SuiteRunnerWorker.java:52)
	at org.testng.SuiteRunnerWorker.run(SuiteRunnerWorker.java:86)
	at org.testng.TestNG.runSuitesSequentially(TestNG.java:1224)
	at org.testng.TestNG.runSuitesLocally(TestNG.java:1149)
	at org.testng.TestNG.run(TestNG.java:1057)
	at org.apache.maven.surefire.testng.TestNGExecutor.run(TestNGExecutor.java:77)
	at org.apache.maven.surefire.testng.TestNGDirectoryTestSuite.executeMulti(TestNGDirectoryTestSuite.java:159)
	at org.apache.maven.surefire.testng.TestNGDirectoryTestSuite.execute(TestNGDirectoryTestSuite.java:99)
	at org.apache.maven.surefire.testng.TestNGProvider.invoke(TestNGProvider.java:106)
	at sun.reflect.NativeMethodAccessorImpl.invoke0(Native Method)
	at sun.reflect.NativeMethodAccessorImpl.invoke(NativeMethodAccessorImpl.java:62)
	at sun.reflect.DelegatingMethodAccessorImpl.invoke(DelegatingMethodAccessorImpl.java:43)
	at java.lang.reflect.Method.invoke(Method.java:483)
	at org.apache.maven.surefire.util.ReflectionUtils.invokeMethodWithArray(ReflectionUtils.java:189)
	at org.apache.maven.surefire.booter.ProviderFactory$ProviderProxy.invoke(ProviderFactory.java:165)
	at org.apache.maven.surefire.booter.ProviderFactory.invokeProvider(ProviderFactory.java:85)
	at org.apache.maven.surefire.booter.ForkedBooter.runSuitesInProcess(ForkedBooter.java:115)
	at org.apache.maven.surefire.booter.ForkedBooter.main(ForkedBooter.java:75)
]]>
            </full-stacktrace>
          </exception> <!-- org.testng.SkipException -->
          <reporter-output>
          </reporter-output>
        </test-method> <!-- addCreditCardInfoTest -->
        <test-method status="PASS" signature="shutDriver()[pri:0, instance:com.scholastic.sso.misc.AddEditDeleteCreditCardTest@42dafa95]" name="shutDriver" is-config="true" duration-ms="2023" started-at="2015-01-23T14:42:35Z" finished-at="2015-01-23T14:42:37Z">
          <reporter-output>
          </reporter-output>
        </test-method> <!-- shutDriver -->
        <test-method status="SKIP" signature="editCreditCardInfoTest(java.util.Hashtable)[pri:0, instance:com.scholastic.sso.misc.AddEditDeleteCreditCardTest@42dafa95]" name="editCreditCardInfoTest" duration-ms="0" started-at="2015-01-23T14:42:37Z" data-provider="MiscDataProvider" depends-on-methods="com.scholastic.sso.misc.AddEditDeleteCreditCardTest.addCreditCardInfoTest" finished-at="2015-01-23T14:42:37Z">
          <reporter-output>
          </reporter-output>
        </test-method> <!-- editCreditCardInfoTest -->
        <test-method status="SKIP" signature="deleteCreditCardInfoTest(java.util.Hashtable)[pri:0, instance:com.scholastic.sso.misc.AddEditDeleteCreditCardTest@42dafa95]" name="deleteCreditCardInfoTest" duration-ms="0" started-at="2015-01-23T14:42:37Z" data-provider="MiscDataProvider" depends-on-methods="com.scholastic.sso.misc.AddEditDeleteCreditCardTest.addCreditCardInfoTest" finished-at="2015-01-23T14:42:37Z">
          <reporter-output>
          </reporter-output>
        </test-method> <!-- deleteCreditCardInfoTest -->
      </class> <!-- com.scholastic.sso.misc.AddEditDeleteCreditCardTest -->
      <class name="com.scholastic.sso.shippingValidation.ShippingChargesMisc2Test">
        <test-method status="SKIP" signature="shippingChargesMisc2Test(java.util.Hashtable)[pri:0, instance:com.scholastic.sso.shippingValidation.ShippingChargesMisc2Test@3c0ecd4b]" name="shippingChargesMisc2Test" duration-ms="45" started-at="2015-01-23T14:42:35Z" data-provider="ShippingValidationDataProvider" finished-at="2015-01-23T14:42:35Z">
          <params>
            <param index="0">
              <value>
                <![CDATA[{Runmode=N}]]>
              </value>
            </param>
          </params>
          <exception class="org.testng.SkipException">
            <message>
              <![CDATA[Skipping the test - ShippingChargesMisc2Test - inside the suite - ShippingValidationSuite]]>
            </message>
            <full-stacktrace>
              <![CDATA[org.testng.SkipException: Skipping the test - ShippingChargesMisc2Test - inside the suite - ShippingValidationSuite
	at com.scholastic.sso.TestBase.validateRunmodes(TestBase.java:95)
	at com.scholastic.sso.shippingValidation.ShippingChargesMisc2Test.shippingChargesMisc2Test(ShippingChargesMisc2Test.java:39)
	at sun.reflect.NativeMethodAccessorImpl.invoke0(Native Method)
	at sun.reflect.NativeMethodAccessorImpl.invoke(NativeMethodAccessorImpl.java:62)
	at sun.reflect.DelegatingMethodAccessorImpl.invoke(DelegatingMethodAccessorImpl.java:43)
	at java.lang.reflect.Method.invoke(Method.java:483)
	at org.testng.internal.MethodInvocationHelper.invokeMethod(MethodInvocationHelper.java:84)
	at org.testng.internal.Invoker.invokeMethod(Invoker.java:714)
	at org.testng.internal.Invoker.invokeTestMethod(Invoker.java:901)
	at org.testng.internal.Invoker.invokeTestMethods(Invoker.java:1231)
	at org.testng.internal.TestMethodWorker.invokeTestMethods(TestMethodWorker.java:127)
	at org.testng.internal.TestMethodWorker.run(TestMethodWorker.java:111)
	at org.testng.TestRunner.privateRun(TestRunner.java:767)
	at org.testng.TestRunner.run(TestRunner.java:617)
	at org.testng.SuiteRunner.runTest(SuiteRunner.java:334)
	at org.testng.SuiteRunner.runSequentially(SuiteRunner.java:329)
	at org.testng.SuiteRunner.privateRun(SuiteRunner.java:291)
	at org.testng.SuiteRunner.run(SuiteRunner.java:240)
	at org.testng.SuiteRunnerWorker.runSuite(SuiteRunnerWorker.java:52)
	at org.testng.SuiteRunnerWorker.run(SuiteRunnerWorker.java:86)
	at org.testng.TestNG.runSuitesSequentially(TestNG.java:1224)
	at org.testng.TestNG.runSuitesLocally(TestNG.java:1149)
	at org.testng.TestNG.run(TestNG.java:1057)
	at org.apache.maven.surefire.testng.TestNGExecutor.run(TestNGExecutor.java:77)
	at org.apache.maven.surefire.testng.TestNGDirectoryTestSuite.executeMulti(TestNGDirectoryTestSuite.java:159)
	at org.apache.maven.surefire.testng.TestNGDirectoryTestSuite.execute(TestNGDirectoryTestSuite.java:99)
	at org.apache.maven.surefire.testng.TestNGProvider.invoke(TestNGProvider.java:106)
	at sun.reflect.NativeMethodAccessorImpl.invoke0(Native Method)
	at sun.reflect.NativeMethodAccessorImpl.invoke(NativeMethodAccessorImpl.java:62)
	at sun.reflect.DelegatingMethodAccessorImpl.invoke(DelegatingMethodAccessorImpl.java:43)
	at java.lang.reflect.Method.invoke(Method.java:483)
	at org.apache.maven.surefire.util.ReflectionUtils.invokeMethodWithArray(ReflectionUtils.java:189)
	at org.apache.maven.surefire.booter.ProviderFactory$ProviderProxy.invoke(ProviderFactory.java:165)
	at org.apache.maven.surefire.booter.ProviderFactory.invokeProvider(ProviderFactory.java:85)
	at org.apache.maven.surefire.booter.ForkedBooter.runSuitesInProcess(ForkedBooter.java:115)
	at org.apache.maven.surefire.booter.ForkedBooter.main(ForkedBooter.java:75)
]]>
            </full-stacktrace>
          </exception> <!-- org.testng.SkipException -->
          <reporter-output>
          </reporter-output>
        </test-method> <!-- shippingChargesMisc2Test -->
        <test-method status="PASS" signature="takeScreenShotOnFailure(org.testng.ITestResult)[pri:0, instance:com.scholastic.sso.shippingValidation.ShippingChargesMisc2Test@3c0ecd4b]" name="takeScreenShotOnFailure" is-config="true" duration-ms="0" started-at="2015-01-23T14:42:35Z" finished-at="2015-01-23T14:42:35Z">
          <params>
            <param index="0">
              <value>
                <![CDATA[[TestResult name=shippingChargesMisc2Test status=SKIP method=ShippingChargesMisc2Test.shippingChargesMisc2Test(java.util.Hashtable)[pri:0, instance:com.scholastic.sso.shippingValidation.ShippingChargesMisc2Test@3c0ecd4b] output={null}]]]>
              </value>
            </param>
          </params>
          <reporter-output>
          </reporter-output>
        </test-method> <!-- takeScreenShotOnFailure -->
      </class> <!-- com.scholastic.sso.shippingValidation.ShippingChargesMisc2Test -->
      <class name="com.scholastic.sso.shippingValidation.ShippingChargesMisc7Test">
        <test-method status="SKIP" signature="shippingChargesMisc7Test(java.util.Hashtable)[pri:0, instance:com.scholastic.sso.shippingValidation.ShippingChargesMisc7Test@4cf777e8]" name="shippingChargesMisc7Test" duration-ms="46" started-at="2015-01-23T14:42:26Z" data-provider="ShippingValidationDataProvider" finished-at="2015-01-23T14:42:26Z">
          <params>
            <param index="0">
              <value>
                <![CDATA[{Runmode=N}]]>
              </value>
            </param>
          </params>
          <exception class="org.testng.SkipException">
            <message>
              <![CDATA[Skipping the test - ShippingChargesMisc7Test - inside the suite - ShippingValidationSuite]]>
            </message>
            <full-stacktrace>
              <![CDATA[org.testng.SkipException: Skipping the test - ShippingChargesMisc7Test - inside the suite - ShippingValidationSuite
	at com.scholastic.sso.TestBase.validateRunmodes(TestBase.java:95)
	at com.scholastic.sso.shippingValidation.ShippingChargesMisc7Test.shippingChargesMisc7Test(ShippingChargesMisc7Test.java:44)
	at sun.reflect.NativeMethodAccessorImpl.invoke0(Native Method)
	at sun.reflect.NativeMethodAccessorImpl.invoke(NativeMethodAccessorImpl.java:62)
	at sun.reflect.DelegatingMethodAccessorImpl.invoke(DelegatingMethodAccessorImpl.java:43)
	at java.lang.reflect.Method.invoke(Method.java:483)
	at org.testng.internal.MethodInvocationHelper.invokeMethod(MethodInvocationHelper.java:84)
	at org.testng.internal.Invoker.invokeMethod(Invoker.java:714)
	at org.testng.internal.Invoker.invokeTestMethod(Invoker.java:901)
	at org.testng.internal.Invoker.invokeTestMethods(Invoker.java:1231)
	at org.testng.internal.TestMethodWorker.invokeTestMethods(TestMethodWorker.java:127)
	at org.testng.internal.TestMethodWorker.run(TestMethodWorker.java:111)
	at org.testng.TestRunner.privateRun(TestRunner.java:767)
	at org.testng.TestRunner.run(TestRunner.java:617)
	at org.testng.SuiteRunner.runTest(SuiteRunner.java:334)
	at org.testng.SuiteRunner.runSequentially(SuiteRunner.java:329)
	at org.testng.SuiteRunner.privateRun(SuiteRunner.java:291)
	at org.testng.SuiteRunner.run(SuiteRunner.java:240)
	at org.testng.SuiteRunnerWorker.runSuite(SuiteRunnerWorker.java:52)
	at org.testng.SuiteRunnerWorker.run(SuiteRunnerWorker.java:86)
	at org.testng.TestNG.runSuitesSequentially(TestNG.java:1224)
	at org.testng.TestNG.runSuitesLocally(TestNG.java:1149)
	at org.testng.TestNG.run(TestNG.java:1057)
	at org.apache.maven.surefire.testng.TestNGExecutor.run(TestNGExecutor.java:77)
	at org.apache.maven.surefire.testng.TestNGDirectoryTestSuite.executeMulti(TestNGDirectoryTestSuite.java:159)
	at org.apache.maven.surefire.testng.TestNGDirectoryTestSuite.execute(TestNGDirectoryTestSuite.java:99)
	at org.apache.maven.surefire.testng.TestNGProvider.invoke(TestNGProvider.java:106)
	at sun.reflect.NativeMethodAccessorImpl.invoke0(Native Method)
	at sun.reflect.NativeMethodAccessorImpl.invoke(NativeMethodAccessorImpl.java:62)
	at sun.reflect.DelegatingMethodAccessorImpl.invoke(DelegatingMethodAccessorImpl.java:43)
	at java.lang.reflect.Method.invoke(Method.java:483)
	at org.apache.maven.surefire.util.ReflectionUtils.invokeMethodWithArray(ReflectionUtils.java:189)
	at org.apache.maven.surefire.booter.ProviderFactory$ProviderProxy.invoke(ProviderFactory.java:165)
	at org.apache.maven.surefire.booter.ProviderFactory.invokeProvider(ProviderFactory.java:85)
	at org.apache.maven.surefire.booter.ForkedBooter.runSuitesInProcess(ForkedBooter.java:115)
	at org.apache.maven.surefire.booter.ForkedBooter.main(ForkedBooter.java:75)
]]>
            </full-stacktrace>
          </exception> <!-- org.testng.SkipException -->
          <reporter-output>
          </reporter-output>
        </test-method> <!-- shippingChargesMisc7Test -->
        <test-method status="PASS" signature="takeScreenShotOnFailure(org.testng.ITestResult)[pri:0, instance:com.scholastic.sso.shippingValidation.ShippingChargesMisc7Test@4cf777e8]" name="takeScreenShotOnFailure" is-config="true" duration-ms="0" started-at="2015-01-23T14:42:26Z" finished-at="2015-01-23T14:42:26Z">
          <params>
            <param index="0">
              <value>
                <![CDATA[[TestResult name=shippingChargesMisc7Test status=SKIP method=ShippingChargesMisc7Test.shippingChargesMisc7Test(java.util.Hashtable)[pri:0, instance:com.scholastic.sso.shippingValidation.ShippingChargesMisc7Test@4cf777e8] output={null}]]]>
              </value>
            </param>
          </params>
          <reporter-output>
          </reporter-output>
        </test-method> <!-- takeScreenShotOnFailure -->
      </class> <!-- com.scholastic.sso.shippingValidation.ShippingChargesMisc7Test -->
      <class name="com.scholastic.sso.shippingValidation.MixedCartRegularAddressSce2Test">
        <test-method status="SKIP" signature="mixedCartRegularAddressSce2Test(java.util.Hashtable)[pri:0, instance:com.scholastic.sso.shippingValidation.MixedCartRegularAddressSce2Test@7085bdee]" name="mixedCartRegularAddressSce2Test" duration-ms="81" started-at="2015-01-23T14:41:22Z" data-provider="ShippingValidationDataProvider" finished-at="2015-01-23T14:41:23Z">
          <params>
            <param index="0">
              <value>
                <![CDATA[{Runmode=Y}]]>
              </value>
            </param>
          </params>
          <exception class="org.testng.SkipException">
            <message>
              <![CDATA[Skipping the test - MixedCartRegularAddressSce2Test - inside the suite - ShippingValidationSuite]]>
            </message>
            <full-stacktrace>
              <![CDATA[org.testng.SkipException: Skipping the test - MixedCartRegularAddressSce2Test - inside the suite - ShippingValidationSuite
	at com.scholastic.sso.TestBase.validateRunmodes(TestBase.java:95)
	at com.scholastic.sso.shippingValidation.MixedCartRegularAddressSce2Test.mixedCartRegularAddressSce2Test(MixedCartRegularAddressSce2Test.java:45)
	at sun.reflect.NativeMethodAccessorImpl.invoke0(Native Method)
	at sun.reflect.NativeMethodAccessorImpl.invoke(NativeMethodAccessorImpl.java:62)
	at sun.reflect.DelegatingMethodAccessorImpl.invoke(DelegatingMethodAccessorImpl.java:43)
	at java.lang.reflect.Method.invoke(Method.java:483)
	at org.testng.internal.MethodInvocationHelper.invokeMethod(MethodInvocationHelper.java:84)
	at org.testng.internal.Invoker.invokeMethod(Invoker.java:714)
	at org.testng.internal.Invoker.invokeTestMethod(Invoker.java:901)
	at org.testng.internal.Invoker.invokeTestMethods(Invoker.java:1231)
	at org.testng.internal.TestMethodWorker.invokeTestMethods(TestMethodWorker.java:127)
	at org.testng.internal.TestMethodWorker.run(TestMethodWorker.java:111)
	at org.testng.TestRunner.privateRun(TestRunner.java:767)
	at org.testng.TestRunner.run(TestRunner.java:617)
	at org.testng.SuiteRunner.runTest(SuiteRunner.java:334)
	at org.testng.SuiteRunner.runSequentially(SuiteRunner.java:329)
	at org.testng.SuiteRunner.privateRun(SuiteRunner.java:291)
	at org.testng.SuiteRunner.run(SuiteRunner.java:240)
	at org.testng.SuiteRunnerWorker.runSuite(SuiteRunnerWorker.java:52)
	at org.testng.SuiteRunnerWorker.run(SuiteRunnerWorker.java:86)
	at org.testng.TestNG.runSuitesSequentially(TestNG.java:1224)
	at org.testng.TestNG.runSuitesLocally(TestNG.java:1149)
	at org.testng.TestNG.run(TestNG.java:1057)
	at org.apache.maven.surefire.testng.TestNGExecutor.run(TestNGExecutor.java:77)
	at org.apache.maven.surefire.testng.TestNGDirectoryTestSuite.executeMulti(TestNGDirectoryTestSuite.java:159)
	at org.apache.maven.surefire.testng.TestNGDirectoryTestSuite.execute(TestNGDirectoryTestSuite.java:99)
	at org.apache.maven.surefire.testng.TestNGProvider.invoke(TestNGProvider.java:106)
	at sun.reflect.NativeMethodAccessorImpl.invoke0(Native Method)
	at sun.reflect.NativeMethodAccessorImpl.invoke(NativeMethodAccessorImpl.java:62)
	at sun.reflect.DelegatingMethodAccessorImpl.invoke(DelegatingMethodAccessorImpl.java:43)
	at java.lang.reflect.Method.invoke(Method.java:483)
	at org.apache.maven.surefire.util.ReflectionUtils.invokeMethodWithArray(ReflectionUtils.java:189)
	at org.apache.maven.surefire.booter.ProviderFactory$ProviderProxy.invoke(ProviderFactory.java:165)
	at org.apache.maven.surefire.booter.ProviderFactory.invokeProvider(ProviderFactory.java:85)
	at org.apache.maven.surefire.booter.ForkedBooter.runSuitesInProcess(ForkedBooter.java:115)
	at org.apache.maven.surefire.booter.ForkedBooter.main(ForkedBooter.java:75)
]]>
            </full-stacktrace>
          </exception> <!-- org.testng.SkipException -->
          <reporter-output>
          </reporter-output>
        </test-method> <!-- mixedCartRegularAddressSce2Test -->
        <test-method status="PASS" signature="takeScreenShotOnFailure(org.testng.ITestResult)[pri:0, instance:com.scholastic.sso.shippingValidation.MixedCartRegularAddressSce2Test@7085bdee]" name="takeScreenShotOnFailure" is-config="true" duration-ms="0" started-at="2015-01-23T14:41:23Z" finished-at="2015-01-23T14:41:23Z">
          <params>
            <param index="0">
              <value>
                <![CDATA[[TestResult name=mixedCartRegularAddressSce2Test status=SKIP method=MixedCartRegularAddressSce2Test.mixedCartRegularAddressSce2Test(java.util.Hashtable)[pri:0, instance:com.scholastic.sso.shippingValidation.MixedCartRegularAddressSce2Test@7085bdee] output={null}]]]>
              </value>
            </param>
          </params>
          <reporter-output>
          </reporter-output>
        </test-method> <!-- takeScreenShotOnFailure -->
      </class> <!-- com.scholastic.sso.shippingValidation.MixedCartRegularAddressSce2Test -->
      <class name="com.scholastic.sso.shippingValidation.ShippingChargesMisc4Test">
        <test-method status="SKIP" signature="shippingChargesMisc4Test(java.util.Hashtable)[pri:0, instance:com.scholastic.sso.shippingValidation.ShippingChargesMisc4Test@402a079c]" name="shippingChargesMisc4Test" duration-ms="37" started-at="2015-01-23T14:42:26Z" data-provider="ShippingValidationDataProvider" finished-at="2015-01-23T14:42:26Z">
          <params>
            <param index="0">
              <value>
                <![CDATA[{Runmode=N}]]>
              </value>
            </param>
          </params>
          <exception class="org.testng.SkipException">
            <message>
              <![CDATA[Skipping the test - ShippingChargesMisc4Test - inside the suite - ShippingValidationSuite]]>
            </message>
            <full-stacktrace>
              <![CDATA[org.testng.SkipException: Skipping the test - ShippingChargesMisc4Test - inside the suite - ShippingValidationSuite
	at com.scholastic.sso.TestBase.validateRunmodes(TestBase.java:95)
	at com.scholastic.sso.shippingValidation.ShippingChargesMisc4Test.shippingChargesMisc4Test(ShippingChargesMisc4Test.java:44)
	at sun.reflect.NativeMethodAccessorImpl.invoke0(Native Method)
	at sun.reflect.NativeMethodAccessorImpl.invoke(NativeMethodAccessorImpl.java:62)
	at sun.reflect.DelegatingMethodAccessorImpl.invoke(DelegatingMethodAccessorImpl.java:43)
	at java.lang.reflect.Method.invoke(Method.java:483)
	at org.testng.internal.MethodInvocationHelper.invokeMethod(MethodInvocationHelper.java:84)
	at org.testng.internal.Invoker.invokeMethod(Invoker.java:714)
	at org.testng.internal.Invoker.invokeTestMethod(Invoker.java:901)
	at org.testng.internal.Invoker.invokeTestMethods(Invoker.java:1231)
	at org.testng.internal.TestMethodWorker.invokeTestMethods(TestMethodWorker.java:127)
	at org.testng.internal.TestMethodWorker.run(TestMethodWorker.java:111)
	at org.testng.TestRunner.privateRun(TestRunner.java:767)
	at org.testng.TestRunner.run(TestRunner.java:617)
	at org.testng.SuiteRunner.runTest(SuiteRunner.java:334)
	at org.testng.SuiteRunner.runSequentially(SuiteRunner.java:329)
	at org.testng.SuiteRunner.privateRun(SuiteRunner.java:291)
	at org.testng.SuiteRunner.run(SuiteRunner.java:240)
	at org.testng.SuiteRunnerWorker.runSuite(SuiteRunnerWorker.java:52)
	at org.testng.SuiteRunnerWorker.run(SuiteRunnerWorker.java:86)
	at org.testng.TestNG.runSuitesSequentially(TestNG.java:1224)
	at org.testng.TestNG.runSuitesLocally(TestNG.java:1149)
	at org.testng.TestNG.run(TestNG.java:1057)
	at org.apache.maven.surefire.testng.TestNGExecutor.run(TestNGExecutor.java:77)
	at org.apache.maven.surefire.testng.TestNGDirectoryTestSuite.executeMulti(TestNGDirectoryTestSuite.java:159)
	at org.apache.maven.surefire.testng.TestNGDirectoryTestSuite.execute(TestNGDirectoryTestSuite.java:99)
	at org.apache.maven.surefire.testng.TestNGProvider.invoke(TestNGProvider.java:106)
	at sun.reflect.NativeMethodAccessorImpl.invoke0(Native Method)
	at sun.reflect.NativeMethodAccessorImpl.invoke(NativeMethodAccessorImpl.java:62)
	at sun.reflect.DelegatingMethodAccessorImpl.invoke(DelegatingMethodAccessorImpl.java:43)
	at java.lang.reflect.Method.invoke(Method.java:483)
	at org.apache.maven.surefire.util.ReflectionUtils.invokeMethodWithArray(ReflectionUtils.java:189)
	at org.apache.maven.surefire.booter.ProviderFactory$ProviderProxy.invoke(ProviderFactory.java:165)
	at org.apache.maven.surefire.booter.ProviderFactory.invokeProvider(ProviderFactory.java:85)
	at org.apache.maven.surefire.booter.ForkedBooter.runSuitesInProcess(ForkedBooter.java:115)
	at org.apache.maven.surefire.booter.ForkedBooter.main(ForkedBooter.java:75)
]]>
            </full-stacktrace>
          </exception> <!-- org.testng.SkipException -->
          <reporter-output>
          </reporter-output>
        </test-method> <!-- shippingChargesMisc4Test -->
        <test-method status="PASS" signature="takeScreenShotOnFailure(org.testng.ITestResult)[pri:0, instance:com.scholastic.sso.shippingValidation.ShippingChargesMisc4Test@402a079c]" name="takeScreenShotOnFailure" is-config="true" duration-ms="0" started-at="2015-01-23T14:42:26Z" finished-at="2015-01-23T14:42:26Z">
          <params>
            <param index="0">
              <value>
                <![CDATA[[TestResult name=shippingChargesMisc4Test status=SKIP method=ShippingChargesMisc4Test.shippingChargesMisc4Test(java.util.Hashtable)[pri:0, instance:com.scholastic.sso.shippingValidation.ShippingChargesMisc4Test@402a079c] output={null}]]]>
              </value>
            </param>
          </params>
          <reporter-output>
          </reporter-output>
        </test-method> <!-- takeScreenShotOnFailure -->
      </class> <!-- com.scholastic.sso.shippingValidation.ShippingChargesMisc4Test -->
      <class name="com.scholastic.sso.misc.SearchValidationTest">
        <test-method status="PASS" signature="searchValidationTest(java.util.Hashtable)[pri:0, instance:com.scholastic.sso.misc.SearchValidationTest@2f686d1f]" name="searchValidationTest" duration-ms="62948" started-at="2015-01-23T14:41:23Z" data-provider="MiscDataProvider" finished-at="2015-01-23T14:42:26Z">
          <params>
            <param index="0">
              <value>
                <![CDATA[{Runmode=Y}]]>
              </value>
            </param>
          </params>
          <reporter-output>
          </reporter-output>
        </test-method> <!-- searchValidationTest -->
        <test-method status="PASS" signature="takeScreenShotOnFailure(org.testng.ITestResult)[pri:0, instance:com.scholastic.sso.misc.SearchValidationTest@2f686d1f]" name="takeScreenShotOnFailure" is-config="true" duration-ms="1" started-at="2015-01-23T14:42:26Z" finished-at="2015-01-23T14:42:26Z">
          <params>
            <param index="0">
              <value>
                <![CDATA[[TestResult name=searchValidationTest status=SUCCESS method=SearchValidationTest.searchValidationTest(java.util.Hashtable)[pri:0, instance:com.scholastic.sso.misc.SearchValidationTest@2f686d1f] output={null}]]]>
              </value>
            </param>
          </params>
          <reporter-output>
          </reporter-output>
        </test-method> <!-- takeScreenShotOnFailure -->
      </class> <!-- com.scholastic.sso.misc.SearchValidationTest -->
      <class name="com.scholastic.sso.placeOrders.OrderBooksTest">
        <test-method status="PASS" signature="beforeTest()[pri:0, instance:com.scholastic.sso.placeOrders.OrderBooksTest@271053e1]" name="beforeTest" is-config="true" duration-ms="0" started-at="2015-01-23T14:42:28Z" finished-at="2015-01-23T14:42:28Z">
          <reporter-output>
          </reporter-output>
        </test-method> <!-- beforeTest -->
        <test-method status="SKIP" signature="orderBooksTest(java.util.Hashtable)[pri:0, instance:com.scholastic.sso.placeOrders.OrderBooksTest@271053e1]" name="orderBooksTest" duration-ms="67" started-at="2015-01-23T14:42:28Z" data-provider="PlaceOrdersDataProvider" finished-at="2015-01-23T14:42:28Z">
          <params>
            <param index="0">
              <value>
                <![CDATA[{Runmode=Y}]]>
              </value>
            </param>
          </params>
          <exception class="org.testng.SkipException">
            <message>
              <![CDATA[Skipping the test - OrderBooksTest - inside the suite - PlaceOrdersSuite]]>
            </message>
            <full-stacktrace>
              <![CDATA[org.testng.SkipException: Skipping the test - OrderBooksTest - inside the suite - PlaceOrdersSuite
	at com.scholastic.sso.TestBase.validateRunmodes(TestBase.java:95)
	at com.scholastic.sso.placeOrders.OrderBooksTest.orderBooksTest(OrderBooksTest.java:51)
	at sun.reflect.NativeMethodAccessorImpl.invoke0(Native Method)
	at sun.reflect.NativeMethodAccessorImpl.invoke(NativeMethodAccessorImpl.java:62)
	at sun.reflect.DelegatingMethodAccessorImpl.invoke(DelegatingMethodAccessorImpl.java:43)
	at java.lang.reflect.Method.invoke(Method.java:483)
	at org.testng.internal.MethodInvocationHelper.invokeMethod(MethodInvocationHelper.java:84)
	at org.testng.internal.Invoker.invokeMethod(Invoker.java:714)
	at org.testng.internal.Invoker.invokeTestMethod(Invoker.java:901)
	at org.testng.internal.Invoker.invokeTestMethods(Invoker.java:1231)
	at org.testng.internal.TestMethodWorker.invokeTestMethods(TestMethodWorker.java:127)
	at org.testng.internal.TestMethodWorker.run(TestMethodWorker.java:111)
	at org.testng.TestRunner.privateRun(TestRunner.java:767)
	at org.testng.TestRunner.run(TestRunner.java:617)
	at org.testng.SuiteRunner.runTest(SuiteRunner.java:334)
	at org.testng.SuiteRunner.runSequentially(SuiteRunner.java:329)
	at org.testng.SuiteRunner.privateRun(SuiteRunner.java:291)
	at org.testng.SuiteRunner.run(SuiteRunner.java:240)
	at org.testng.SuiteRunnerWorker.runSuite(SuiteRunnerWorker.java:52)
	at org.testng.SuiteRunnerWorker.run(SuiteRunnerWorker.java:86)
	at org.testng.TestNG.runSuitesSequentially(TestNG.java:1224)
	at org.testng.TestNG.runSuitesLocally(TestNG.java:1149)
	at org.testng.TestNG.run(TestNG.java:1057)
	at org.apache.maven.surefire.testng.TestNGExecutor.run(TestNGExecutor.java:77)
	at org.apache.maven.surefire.testng.TestNGDirectoryTestSuite.executeMulti(TestNGDirectoryTestSuite.java:159)
	at org.apache.maven.surefire.testng.TestNGDirectoryTestSuite.execute(TestNGDirectoryTestSuite.java:99)
	at org.apache.maven.surefire.testng.TestNGProvider.invoke(TestNGProvider.java:106)
	at sun.reflect.NativeMethodAccessorImpl.invoke0(Native Method)
	at sun.reflect.NativeMethodAccessorImpl.invoke(NativeMethodAccessorImpl.java:62)
	at sun.reflect.DelegatingMethodAccessorImpl.invoke(DelegatingMethodAccessorImpl.java:43)
	at java.lang.reflect.Method.invoke(Method.java:483)
	at org.apache.maven.surefire.util.ReflectionUtils.invokeMethodWithArray(ReflectionUtils.java:189)
	at org.apache.maven.surefire.booter.ProviderFactory$ProviderProxy.invoke(ProviderFactory.java:165)
	at org.apache.maven.surefire.booter.ProviderFactory.invokeProvider(ProviderFactory.java:85)
	at org.apache.maven.surefire.booter.ForkedBooter.runSuitesInProcess(ForkedBooter.java:115)
	at org.apache.maven.surefire.booter.ForkedBooter.main(ForkedBooter.java:75)
]]>
            </full-stacktrace>
          </exception> <!-- org.testng.SkipException -->
          <reporter-output>
          </reporter-output>
        </test-method> <!-- orderBooksTest -->
        <test-method status="PASS" signature="shutDriver()[pri:0, instance:com.scholastic.sso.placeOrders.OrderBooksTest@271053e1]" name="shutDriver" is-config="true" duration-ms="2016" started-at="2015-01-23T14:42:28Z" finished-at="2015-01-23T14:42:30Z">
          <reporter-output>
          </reporter-output>
        </test-method> <!-- shutDriver -->
      </class> <!-- com.scholastic.sso.placeOrders.OrderBooksTest -->
      <class name="com.scholastic.sso.shippingValidation.ShippingChargesMisc5Test">
        <test-method status="SKIP" signature="shippingChargesMisc5Test(java.util.Hashtable)[pri:0, instance:com.scholastic.sso.shippingValidation.ShippingChargesMisc5Test@553f17c]" name="shippingChargesMisc5Test" duration-ms="41" started-at="2015-01-23T14:42:35Z" data-provider="ShippingValidationDataProvider" finished-at="2015-01-23T14:42:35Z">
          <params>
            <param index="0">
              <value>
                <![CDATA[{Runmode=N}]]>
              </value>
            </param>
          </params>
          <exception class="org.testng.SkipException">
            <message>
              <![CDATA[Skipping the test - ShippingChargesMisc5Test - inside the suite - ShippingValidationSuite]]>
            </message>
            <full-stacktrace>
              <![CDATA[org.testng.SkipException: Skipping the test - ShippingChargesMisc5Test - inside the suite - ShippingValidationSuite
	at com.scholastic.sso.TestBase.validateRunmodes(TestBase.java:95)
	at com.scholastic.sso.shippingValidation.ShippingChargesMisc5Test.shippingChargesMisc5Test(ShippingChargesMisc5Test.java:44)
	at sun.reflect.NativeMethodAccessorImpl.invoke0(Native Method)
	at sun.reflect.NativeMethodAccessorImpl.invoke(NativeMethodAccessorImpl.java:62)
	at sun.reflect.DelegatingMethodAccessorImpl.invoke(DelegatingMethodAccessorImpl.java:43)
	at java.lang.reflect.Method.invoke(Method.java:483)
	at org.testng.internal.MethodInvocationHelper.invokeMethod(MethodInvocationHelper.java:84)
	at org.testng.internal.Invoker.invokeMethod(Invoker.java:714)
	at org.testng.internal.Invoker.invokeTestMethod(Invoker.java:901)
	at org.testng.internal.Invoker.invokeTestMethods(Invoker.java:1231)
	at org.testng.internal.TestMethodWorker.invokeTestMethods(TestMethodWorker.java:127)
	at org.testng.internal.TestMethodWorker.run(TestMethodWorker.java:111)
	at org.testng.TestRunner.privateRun(TestRunner.java:767)
	at org.testng.TestRunner.run(TestRunner.java:617)
	at org.testng.SuiteRunner.runTest(SuiteRunner.java:334)
	at org.testng.SuiteRunner.runSequentially(SuiteRunner.java:329)
	at org.testng.SuiteRunner.privateRun(SuiteRunner.java:291)
	at org.testng.SuiteRunner.run(SuiteRunner.java:240)
	at org.testng.SuiteRunnerWorker.runSuite(SuiteRunnerWorker.java:52)
	at org.testng.SuiteRunnerWorker.run(SuiteRunnerWorker.java:86)
	at org.testng.TestNG.runSuitesSequentially(TestNG.java:1224)
	at org.testng.TestNG.runSuitesLocally(TestNG.java:1149)
	at org.testng.TestNG.run(TestNG.java:1057)
	at org.apache.maven.surefire.testng.TestNGExecutor.run(TestNGExecutor.java:77)
	at org.apache.maven.surefire.testng.TestNGDirectoryTestSuite.executeMulti(TestNGDirectoryTestSuite.java:159)
	at org.apache.maven.surefire.testng.TestNGDirectoryTestSuite.execute(TestNGDirectoryTestSuite.java:99)
	at org.apache.maven.surefire.testng.TestNGProvider.invoke(TestNGProvider.java:106)
	at sun.reflect.NativeMethodAccessorImpl.invoke0(Native Method)
	at sun.reflect.NativeMethodAccessorImpl.invoke(NativeMethodAccessorImpl.java:62)
	at sun.reflect.DelegatingMethodAccessorImpl.invoke(DelegatingMethodAccessorImpl.java:43)
	at java.lang.reflect.Method.invoke(Method.java:483)
	at org.apache.maven.surefire.util.ReflectionUtils.invokeMethodWithArray(ReflectionUtils.java:189)
	at org.apache.maven.surefire.booter.ProviderFactory$ProviderProxy.invoke(ProviderFactory.java:165)
	at org.apache.maven.surefire.booter.ProviderFactory.invokeProvider(ProviderFactory.java:85)
	at org.apache.maven.surefire.booter.ForkedBooter.runSuitesInProcess(ForkedBooter.java:115)
	at org.apache.maven.surefire.booter.ForkedBooter.main(ForkedBooter.java:75)
]]>
            </full-stacktrace>
          </exception> <!-- org.testng.SkipException -->
          <reporter-output>
          </reporter-output>
        </test-method> <!-- shippingChargesMisc5Test -->
        <test-method status="PASS" signature="takeScreenShotOnFailure(org.testng.ITestResult)[pri:0, instance:com.scholastic.sso.shippingValidation.ShippingChargesMisc5Test@553f17c]" name="takeScreenShotOnFailure" is-config="true" duration-ms="0" started-at="2015-01-23T14:42:35Z" finished-at="2015-01-23T14:42:35Z">
          <params>
            <param index="0">
              <value>
                <![CDATA[[TestResult name=shippingChargesMisc5Test status=SKIP method=ShippingChargesMisc5Test.shippingChargesMisc5Test(java.util.Hashtable)[pri:0, instance:com.scholastic.sso.shippingValidation.ShippingChargesMisc5Test@553f17c] output={null}]]]>
              </value>
            </param>
          </params>
          <reporter-output>
          </reporter-output>
        </test-method> <!-- takeScreenShotOnFailure -->
      </class> <!-- com.scholastic.sso.shippingValidation.ShippingChargesMisc5Test -->
      <class name="com.scholastic.sso.placeOrders.QuickLookOrderItemsTest">
        <test-method status="SKIP" signature="quickLookOrderItemsTest(java.util.Hashtable)[pri:0, instance:com.scholastic.sso.placeOrders.QuickLookOrderItemsTest@e45f292]" name="quickLookOrderItemsTest" duration-ms="91" started-at="2015-01-23T14:41:23Z" data-provider="PlaceOrdersDataProvider" finished-at="2015-01-23T14:41:23Z">
          <params>
            <param index="0">
              <value>
                <![CDATA[{Runmode=Y}]]>
              </value>
            </param>
          </params>
          <exception class="org.testng.SkipException">
            <message>
              <![CDATA[Skipping the test - QuickLookOrderItemsTest - inside the suite - PlaceOrdersSuite]]>
            </message>
            <full-stacktrace>
              <![CDATA[org.testng.SkipException: Skipping the test - QuickLookOrderItemsTest - inside the suite - PlaceOrdersSuite
	at com.scholastic.sso.TestBase.validateRunmodes(TestBase.java:95)
	at com.scholastic.sso.placeOrders.QuickLookOrderItemsTest.quickLookOrderItemsTest(QuickLookOrderItemsTest.java:42)
	at sun.reflect.NativeMethodAccessorImpl.invoke0(Native Method)
	at sun.reflect.NativeMethodAccessorImpl.invoke(NativeMethodAccessorImpl.java:62)
	at sun.reflect.DelegatingMethodAccessorImpl.invoke(DelegatingMethodAccessorImpl.java:43)
	at java.lang.reflect.Method.invoke(Method.java:483)
	at org.testng.internal.MethodInvocationHelper.invokeMethod(MethodInvocationHelper.java:84)
	at org.testng.internal.Invoker.invokeMethod(Invoker.java:714)
	at org.testng.internal.Invoker.invokeTestMethod(Invoker.java:901)
	at org.testng.internal.Invoker.invokeTestMethods(Invoker.java:1231)
	at org.testng.internal.TestMethodWorker.invokeTestMethods(TestMethodWorker.java:127)
	at org.testng.internal.TestMethodWorker.run(TestMethodWorker.java:111)
	at org.testng.TestRunner.privateRun(TestRunner.java:767)
	at org.testng.TestRunner.run(TestRunner.java:617)
	at org.testng.SuiteRunner.runTest(SuiteRunner.java:334)
	at org.testng.SuiteRunner.runSequentially(SuiteRunner.java:329)
	at org.testng.SuiteRunner.privateRun(SuiteRunner.java:291)
	at org.testng.SuiteRunner.run(SuiteRunner.java:240)
	at org.testng.SuiteRunnerWorker.runSuite(SuiteRunnerWorker.java:52)
	at org.testng.SuiteRunnerWorker.run(SuiteRunnerWorker.java:86)
	at org.testng.TestNG.runSuitesSequentially(TestNG.java:1224)
	at org.testng.TestNG.runSuitesLocally(TestNG.java:1149)
	at org.testng.TestNG.run(TestNG.java:1057)
	at org.apache.maven.surefire.testng.TestNGExecutor.run(TestNGExecutor.java:77)
	at org.apache.maven.surefire.testng.TestNGDirectoryTestSuite.executeMulti(TestNGDirectoryTestSuite.java:159)
	at org.apache.maven.surefire.testng.TestNGDirectoryTestSuite.execute(TestNGDirectoryTestSuite.java:99)
	at org.apache.maven.surefire.testng.TestNGProvider.invoke(TestNGProvider.java:106)
	at sun.reflect.NativeMethodAccessorImpl.invoke0(Native Method)
	at sun.reflect.NativeMethodAccessorImpl.invoke(NativeMethodAccessorImpl.java:62)
	at sun.reflect.DelegatingMethodAccessorImpl.invoke(DelegatingMethodAccessorImpl.java:43)
	at java.lang.reflect.Method.invoke(Method.java:483)
	at org.apache.maven.surefire.util.ReflectionUtils.invokeMethodWithArray(ReflectionUtils.java:189)
	at org.apache.maven.surefire.booter.ProviderFactory$ProviderProxy.invoke(ProviderFactory.java:165)
	at org.apache.maven.surefire.booter.ProviderFactory.invokeProvider(ProviderFactory.java:85)
	at org.apache.maven.surefire.booter.ForkedBooter.runSuitesInProcess(ForkedBooter.java:115)
	at org.apache.maven.surefire.booter.ForkedBooter.main(ForkedBooter.java:75)
]]>
            </full-stacktrace>
          </exception> <!-- org.testng.SkipException -->
          <reporter-output>
          </reporter-output>
        </test-method> <!-- quickLookOrderItemsTest -->
        <test-method status="PASS" signature="takeScreenShotOnFailure(org.testng.ITestResult)[pri:0, instance:com.scholastic.sso.placeOrders.QuickLookOrderItemsTest@e45f292]" name="takeScreenShotOnFailure" is-config="true" duration-ms="0" started-at="2015-01-23T14:41:23Z" finished-at="2015-01-23T14:41:23Z">
          <params>
            <param index="0">
              <value>
                <![CDATA[[TestResult name=quickLookOrderItemsTest status=SKIP method=QuickLookOrderItemsTest.quickLookOrderItemsTest(java.util.Hashtable)[pri:0, instance:com.scholastic.sso.placeOrders.QuickLookOrderItemsTest@e45f292] output={null}]]]>
              </value>
            </param>
          </params>
          <reporter-output>
          </reporter-output>
        </test-method> <!-- takeScreenShotOnFailure -->
      </class> <!-- com.scholastic.sso.placeOrders.QuickLookOrderItemsTest -->
      <class name="com.scholastic.sso.shippingValidation.ShippingChargesMisc9Test">
        <test-method status="SKIP" signature="shippingChargesMisc9Test(java.util.Hashtable)[pri:0, instance:com.scholastic.sso.shippingValidation.ShippingChargesMisc9Test@6500df86]" name="shippingChargesMisc9Test" duration-ms="61" started-at="2015-01-23T14:42:26Z" data-provider="ShippingValidationDataProvider" finished-at="2015-01-23T14:42:26Z">
          <params>
            <param index="0">
              <value>
                <![CDATA[{Runmode=N}]]>
              </value>
            </param>
          </params>
          <exception class="org.testng.SkipException">
            <message>
              <![CDATA[Skipping the test - ShippingChargesMisc9Test - inside the suite - ShippingValidationSuite]]>
            </message>
            <full-stacktrace>
              <![CDATA[org.testng.SkipException: Skipping the test - ShippingChargesMisc9Test - inside the suite - ShippingValidationSuite
	at com.scholastic.sso.TestBase.validateRunmodes(TestBase.java:95)
	at com.scholastic.sso.shippingValidation.ShippingChargesMisc9Test.shippingChargesMisc9Test(ShippingChargesMisc9Test.java:42)
	at sun.reflect.NativeMethodAccessorImpl.invoke0(Native Method)
	at sun.reflect.NativeMethodAccessorImpl.invoke(NativeMethodAccessorImpl.java:62)
	at sun.reflect.DelegatingMethodAccessorImpl.invoke(DelegatingMethodAccessorImpl.java:43)
	at java.lang.reflect.Method.invoke(Method.java:483)
	at org.testng.internal.MethodInvocationHelper.invokeMethod(MethodInvocationHelper.java:84)
	at org.testng.internal.Invoker.invokeMethod(Invoker.java:714)
	at org.testng.internal.Invoker.invokeTestMethod(Invoker.java:901)
	at org.testng.internal.Invoker.invokeTestMethods(Invoker.java:1231)
	at org.testng.internal.TestMethodWorker.invokeTestMethods(TestMethodWorker.java:127)
	at org.testng.internal.TestMethodWorker.run(TestMethodWorker.java:111)
	at org.testng.TestRunner.privateRun(TestRunner.java:767)
	at org.testng.TestRunner.run(TestRunner.java:617)
	at org.testng.SuiteRunner.runTest(SuiteRunner.java:334)
	at org.testng.SuiteRunner.runSequentially(SuiteRunner.java:329)
	at org.testng.SuiteRunner.privateRun(SuiteRunner.java:291)
	at org.testng.SuiteRunner.run(SuiteRunner.java:240)
	at org.testng.SuiteRunnerWorker.runSuite(SuiteRunnerWorker.java:52)
	at org.testng.SuiteRunnerWorker.run(SuiteRunnerWorker.java:86)
	at org.testng.TestNG.runSuitesSequentially(TestNG.java:1224)
	at org.testng.TestNG.runSuitesLocally(TestNG.java:1149)
	at org.testng.TestNG.run(TestNG.java:1057)
	at org.apache.maven.surefire.testng.TestNGExecutor.run(TestNGExecutor.java:77)
	at org.apache.maven.surefire.testng.TestNGDirectoryTestSuite.executeMulti(TestNGDirectoryTestSuite.java:159)
	at org.apache.maven.surefire.testng.TestNGDirectoryTestSuite.execute(TestNGDirectoryTestSuite.java:99)
	at org.apache.maven.surefire.testng.TestNGProvider.invoke(TestNGProvider.java:106)
	at sun.reflect.NativeMethodAccessorImpl.invoke0(Native Method)
	at sun.reflect.NativeMethodAccessorImpl.invoke(NativeMethodAccessorImpl.java:62)
	at sun.reflect.DelegatingMethodAccessorImpl.invoke(DelegatingMethodAccessorImpl.java:43)
	at java.lang.reflect.Method.invoke(Method.java:483)
	at org.apache.maven.surefire.util.ReflectionUtils.invokeMethodWithArray(ReflectionUtils.java:189)
	at org.apache.maven.surefire.booter.ProviderFactory$ProviderProxy.invoke(ProviderFactory.java:165)
	at org.apache.maven.surefire.booter.ProviderFactory.invokeProvider(ProviderFactory.java:85)
	at org.apache.maven.surefire.booter.ForkedBooter.runSuitesInProcess(ForkedBooter.java:115)
	at org.apache.maven.surefire.booter.ForkedBooter.main(ForkedBooter.java:75)
]]>
            </full-stacktrace>
          </exception> <!-- org.testng.SkipException -->
          <reporter-output>
          </reporter-output>
        </test-method> <!-- shippingChargesMisc9Test -->
        <test-method status="PASS" signature="takeScreenShotOnFailure(org.testng.ITestResult)[pri:0, instance:com.scholastic.sso.shippingValidation.ShippingChargesMisc9Test@6500df86]" name="takeScreenShotOnFailure" is-config="true" duration-ms="0" started-at="2015-01-23T14:42:26Z" finished-at="2015-01-23T14:42:26Z">
          <params>
            <param index="0">
              <value>
                <![CDATA[[TestResult name=shippingChargesMisc9Test status=SKIP method=ShippingChargesMisc9Test.shippingChargesMisc9Test(java.util.Hashtable)[pri:0, instance:com.scholastic.sso.shippingValidation.ShippingChargesMisc9Test@6500df86] output={null}]]]>
              </value>
            </param>
          </params>
          <reporter-output>
          </reporter-output>
        </test-method> <!-- takeScreenShotOnFailure -->
      </class> <!-- com.scholastic.sso.shippingValidation.ShippingChargesMisc9Test -->
      <class name="com.scholastic.sso.shippingValidation.MixedCartPOBoxAddressSce3Test">
        <test-method status="SKIP" signature="mixedCartPOBoxAddressSce3Test(java.util.Hashtable)[pri:0, instance:com.scholastic.sso.shippingValidation.MixedCartPOBoxAddressSce3Test@77cd7a0]" name="mixedCartPOBoxAddressSce3Test" duration-ms="159" started-at="2015-01-23T14:42:35Z" data-provider="ShippingValidationDataProvider" finished-at="2015-01-23T14:42:35Z">
          <params>
            <param index="0">
              <value>
                <![CDATA[{Runmode=N}]]>
              </value>
            </param>
          </params>
          <exception class="org.testng.SkipException">
            <message>
              <![CDATA[Skipping the test - MixedCartPOBoxAddressSce3Test - inside the suite - ShippingValidationSuite]]>
            </message>
            <full-stacktrace>
              <![CDATA[org.testng.SkipException: Skipping the test - MixedCartPOBoxAddressSce3Test - inside the suite - ShippingValidationSuite
	at com.scholastic.sso.TestBase.validateRunmodes(TestBase.java:95)
	at com.scholastic.sso.shippingValidation.MixedCartPOBoxAddressSce3Test.mixedCartPOBoxAddressSce3Test(MixedCartPOBoxAddressSce3Test.java:46)
	at sun.reflect.NativeMethodAccessorImpl.invoke0(Native Method)
	at sun.reflect.NativeMethodAccessorImpl.invoke(NativeMethodAccessorImpl.java:62)
	at sun.reflect.DelegatingMethodAccessorImpl.invoke(DelegatingMethodAccessorImpl.java:43)
	at java.lang.reflect.Method.invoke(Method.java:483)
	at org.testng.internal.MethodInvocationHelper.invokeMethod(MethodInvocationHelper.java:84)
	at org.testng.internal.Invoker.invokeMethod(Invoker.java:714)
	at org.testng.internal.Invoker.invokeTestMethod(Invoker.java:901)
	at org.testng.internal.Invoker.invokeTestMethods(Invoker.java:1231)
	at org.testng.internal.TestMethodWorker.invokeTestMethods(TestMethodWorker.java:127)
	at org.testng.internal.TestMethodWorker.run(TestMethodWorker.java:111)
	at org.testng.TestRunner.privateRun(TestRunner.java:767)
	at org.testng.TestRunner.run(TestRunner.java:617)
	at org.testng.SuiteRunner.runTest(SuiteRunner.java:334)
	at org.testng.SuiteRunner.runSequentially(SuiteRunner.java:329)
	at org.testng.SuiteRunner.privateRun(SuiteRunner.java:291)
	at org.testng.SuiteRunner.run(SuiteRunner.java:240)
	at org.testng.SuiteRunnerWorker.runSuite(SuiteRunnerWorker.java:52)
	at org.testng.SuiteRunnerWorker.run(SuiteRunnerWorker.java:86)
	at org.testng.TestNG.runSuitesSequentially(TestNG.java:1224)
	at org.testng.TestNG.runSuitesLocally(TestNG.java:1149)
	at org.testng.TestNG.run(TestNG.java:1057)
	at org.apache.maven.surefire.testng.TestNGExecutor.run(TestNGExecutor.java:77)
	at org.apache.maven.surefire.testng.TestNGDirectoryTestSuite.executeMulti(TestNGDirectoryTestSuite.java:159)
	at org.apache.maven.surefire.testng.TestNGDirectoryTestSuite.execute(TestNGDirectoryTestSuite.java:99)
	at org.apache.maven.surefire.testng.TestNGProvider.invoke(TestNGProvider.java:106)
	at sun.reflect.NativeMethodAccessorImpl.invoke0(Native Method)
	at sun.reflect.NativeMethodAccessorImpl.invoke(NativeMethodAccessorImpl.java:62)
	at sun.reflect.DelegatingMethodAccessorImpl.invoke(DelegatingMethodAccessorImpl.java:43)
	at java.lang.reflect.Method.invoke(Method.java:483)
	at org.apache.maven.surefire.util.ReflectionUtils.invokeMethodWithArray(ReflectionUtils.java:189)
	at org.apache.maven.surefire.booter.ProviderFactory$ProviderProxy.invoke(ProviderFactory.java:165)
	at org.apache.maven.surefire.booter.ProviderFactory.invokeProvider(ProviderFactory.java:85)
	at org.apache.maven.surefire.booter.ForkedBooter.runSuitesInProcess(ForkedBooter.java:115)
	at org.apache.maven.surefire.booter.ForkedBooter.main(ForkedBooter.java:75)
]]>
            </full-stacktrace>
          </exception> <!-- org.testng.SkipException -->
          <reporter-output>
          </reporter-output>
        </test-method> <!-- mixedCartPOBoxAddressSce3Test -->
        <test-method status="PASS" signature="takeScreenShotOnFailure(org.testng.ITestResult)[pri:0, instance:com.scholastic.sso.shippingValidation.MixedCartPOBoxAddressSce3Test@77cd7a0]" name="takeScreenShotOnFailure" is-config="true" duration-ms="1" started-at="2015-01-23T14:42:35Z" finished-at="2015-01-23T14:42:35Z">
          <params>
            <param index="0">
              <value>
                <![CDATA[[TestResult name=mixedCartPOBoxAddressSce3Test status=SKIP method=MixedCartPOBoxAddressSce3Test.mixedCartPOBoxAddressSce3Test(java.util.Hashtable)[pri:0, instance:com.scholastic.sso.shippingValidation.MixedCartPOBoxAddressSce3Test@77cd7a0] output={null}]]]>
              </value>
            </param>
          </params>
          <reporter-output>
          </reporter-output>
        </test-method> <!-- takeScreenShotOnFailure -->
      </class> <!-- com.scholastic.sso.shippingValidation.MixedCartPOBoxAddressSce3Test -->
    </test> <!-- Command line test -->
  </suite> <!-- Command line suite -->
</testng-results>
