<?xml version="1.0" encoding="UTF-8" ?>
<testsuite tests="23" failures="1" name="TestSuite" time="91.224" errors="0" skipped="21">
  <properties>
    <property name="java.runtime.name" value="Java(TM) SE Runtime Environment"/>
    <property name="sun.boot.library.path" value="C:\Program Files\Java\jdk1.8.0_20\jre\bin"/>
    <property name="java.vm.version" value="25.20-b23"/>
    <property name="java.vm.vendor" value="Oracle Corporation"/>
    <property name="java.vendor.url" value="http://java.oracle.com/"/>
    <property name="path.separator" value=";"/>
    <property name="guice.disable.misplaced.annotation.check" value="true"/>
    <property name="java.vm.name" value="Java HotSpot(TM) 64-Bit Server VM"/>
    <property name="file.encoding.pkg" value="sun.io"/>
    <property name="user.script" value=""/>
    <property name="user.country" value="US"/>
    <property name="sun.java.launcher" value="SUN_STANDARD"/>
    <property name="sun.os.patch.level" value="Service Pack 1"/>
    <property name="java.vm.specification.name" value="Java Virtual Machine Specification"/>
    <property name="user.dir" value="C:\Users\chaitman\Desktop\SeleniumWorkspace\Scholastic_SSO"/>
    <property name="java.runtime.version" value="1.8.0_20-b26"/>
    <property name="java.awt.graphicsenv" value="sun.awt.Win32GraphicsEnvironment"/>
    <property name="java.endorsed.dirs" value="C:\Program Files\Java\jdk1.8.0_20\jre\lib\endorsed"/>
    <property name="os.arch" value="amd64"/>
    <property name="java.io.tmpdir" value="C:\Users\chaitman\AppData\Local\Temp\"/>
    <property name="line.separator" value="
"/>
    <property name="java.vm.specification.vendor" value="Oracle Corporation"/>
    <property name="user.variant" value=""/>
    <property name="os.name" value="Windows 7"/>
    <property name="classworlds.conf" value="C:\Users\chaitman\apache-maven-3.2.3\bin\..\bin\m2.conf"/>
    <property name="sun.jnu.encoding" value="Cp1252"/>
    <property name="java.library.path" value="C:\Program Files\Java\jdk1.8.0_20\bin;C:\Windows\Sun\Java\bin;C:\Windows\system32;C:\Windows;C:\Windows\system32;C:\Windows;C:\Windows\System32\Wbem;C:\Windows\System32\WindowsPowerShell\v1.0\;C:\Program Files (x86)\Common Files\Roxio Shared\DLLShared\;C:\Program Files (x86)\Common Files\Roxio Shared\10.0\DLLShared\;C:\Program Files (x86)\IBM\Client Access\Emulator;C:\Program Files (x86)\IBM\Client Access\Shared;C:\Program Files (x86)\IBM\Client Access\;C:\Users\priyaaga\AppData\Local\Smartbar\Application\;C:\Program Files (x86)\QuickTime\QTSystem\;C:\Program Files\Java\jdk1.8.0_20\bin;C:\Users\chaitman\apache-ant-1.9.4\bin;C:\Users\chaitman\apache-maven-3.2.3\bin;."/>
    <property name="java.specification.name" value="Java Platform API Specification"/>
    <property name="java.class.version" value="52.0"/>
    <property name="sun.management.compiler" value="HotSpot 64-Bit Tiered Compilers"/>
    <property name="os.version" value="6.1"/>
    <property name="user.home" value="C:\Users\chaitman"/>
    <property name="user.timezone" value="America/New_York"/>
    <property name="java.awt.printerjob" value="sun.awt.windows.WPrinterJob"/>
    <property name="java.specification.version" value="1.8"/>
    <property name="file.encoding" value="Cp1252"/>
    <property name="user.name" value="chaitman"/>
    <property name="java.class.path" value="C:\Users\chaitman\apache-maven-3.2.3\bin\..\boot\plexus-classworlds-2.5.1.jar"/>
    <property name="java.vm.specification.version" value="1.8"/>
    <property name="sun.arch.data.model" value="64"/>
    <property name="java.home" value="C:\Program Files\Java\jdk1.8.0_20\jre"/>
    <property name="sun.java.command" value="org.codehaus.plexus.classworlds.launcher.Launcher test"/>
    <property name="java.specification.vendor" value="Oracle Corporation"/>
    <property name="user.language" value="en"/>
    <property name="awt.toolkit" value="sun.awt.windows.WToolkit"/>
    <property name="java.vm.info" value="mixed mode"/>
    <property name="java.version" value="1.8.0_20"/>
    <property name="java.ext.dirs" value="C:\Program Files\Java\jdk1.8.0_20\jre\lib\ext;C:\Windows\Sun\Java\lib\ext"/>
    <property name="sun.boot.class.path" value="C:\Program Files\Java\jdk1.8.0_20\jre\lib\resources.jar;C:\Program Files\Java\jdk1.8.0_20\jre\lib\rt.jar;C:\Program Files\Java\jdk1.8.0_20\jre\lib\sunrsasign.jar;C:\Program Files\Java\jdk1.8.0_20\jre\lib\jsse.jar;C:\Program Files\Java\jdk1.8.0_20\jre\lib\jce.jar;C:\Program Files\Java\jdk1.8.0_20\jre\lib\charsets.jar;C:\Program Files\Java\jdk1.8.0_20\jre\lib\jfr.jar;C:\Program Files\Java\jdk1.8.0_20\jre\classes"/>
    <property name="sun.stderr.encoding" value="cp437"/>
    <property name="java.vendor" value="Oracle Corporation"/>
    <property name="maven.home" value="C:\Users\chaitman\apache-maven-3.2.3\bin\.."/>
    <property name="file.separator" value="\"/>
    <property name="java.vendor.url.bug" value="http://bugreport.sun.com/bugreport/"/>
    <property name="sun.cpu.endian" value="little"/>
    <property name="sun.io.unicode.encoding" value="UnicodeLittle"/>
    <property name="sun.stdout.encoding" value="cp437"/>
    <property name="sun.desktop" value="windows"/>
    <property name="sun.cpu.isalist" value="amd64"/>
  </properties>
  <testcase classname="com.scholastic.sso.shippingValidation.MixedCartPOBoxAddressSce3Test" name="mixedCartPOBoxAddressSce3Test" time="0.172">
    <skipped/>
    <system-out>Configuring TestNG with: org.apache.maven.surefire.testng.conf.TestNG652Configurator@6a38e57f
</system-out>
    <system-err>log4j:WARN No appenders could be found for logger (org.apache.http.client.protocol.RequestAddCookies).
log4j:WARN Please initialize the log4j system properly.
</system-err>
  </testcase>
  <testcase classname="com.scholastic.sso.shippingValidation.MixedCartPOBoxRegularAddTaxableNonTaxableStateSce4Test" name="mixedCartPOBoxRegularAddTaxableNonTaxableStateSce4Test" time="0.312">
    <skipped/>
  </testcase>
  <testcase classname="com.scholastic.sso.shippingValidation.MixedCartRegularAddressSce1Test" name="mixedCartRegularAddressSce1Test" time="0.124">
    <skipped/>
  </testcase>
  <testcase classname="com.scholastic.sso.shippingValidation.MixedCartRegularAddressSce2Test" name="mixedCartRegularAddressSce2Test" time="0.14">
    <skipped/>
  </testcase>
  <testcase classname="com.scholastic.sso.placeOrders.OrderBooksTest" name="orderBooksTest" time="0.141">
    <skipped/>
    <system-out>ScreenshotC:\Users\chaitman\Desktop\SSO\SSOFwk\sso_automation/02-02-2015_160245/screenshots
</system-out>
  </testcase>
  <testcase classname="com.scholastic.sso.placeOrders.QuickLookOrderItemsTest" name="quickLookOrderItemsTest" time="0.125">
    <skipped/>
  </testcase>
  <testcase classname="com.scholastic.sso.misc.SearchValidationTest" name="searchValidationTest" time="47.964"/>
  <testcase classname="com.scholastic.sso.shippingValidation.ShippingChargesMisc3Test" name="shippingChargesMisc3Test" time="0.047">
    <skipped/>
  </testcase>
  <testcase classname="com.scholastic.sso.shippingValidation.ShippingChargesMisc5Test" name="shippingChargesMisc5Test" time="0">
    <skipped/>
  </testcase>
  <testcase classname="com.scholastic.sso.shippingValidation.ShippingChargesMisc6Test" name="shippingChargesMisc6Test" time="0">
    <skipped/>
  </testcase>
  <testcase classname="com.scholastic.sso.shippingValidation.ShippingChargesMisc7Test" name="shippingChargesMisc7Test" time="0.063">
    <skipped/>
  </testcase>
  <testcase classname="com.scholastic.sso.shippingValidation.ShippingChargesMisc8Test" name="shippingChargesMisc8Test" time="0">
    <skipped/>
  </testcase>
  <testcase classname="com.scholastic.sso.shippingValidation.ShippingChargesMisc9Test" name="shippingChargesMisc9Test" time="0.125">
    <skipped/>
  </testcase>
  <testcase classname="com.scholastic.sso.shippingValidation.ShippingChargesMisc10Test" name="shippingChargesMisc10Test" time="0.14">
    <skipped/>
  </testcase>
  <testcase classname="com.scholastic.sso.shippingValidation.ShippingChargesMisc1Test" name="shippingChargesMisc1Test" time="0.078">
    <skipped/>
  </testcase>
  <testcase classname="com.scholastic.sso.misc.StoriaSamplerEReaderTest" name="storiaSamplerEReaderTest" time="39.609">
    <failure type="java.lang.AssertionError:">java.lang.AssertionError: null
	at org.testng.Assert.fail(Assert.java:94)
	at org.testng.Assert.fail(Assert.java:101)
	at com.scholastic.sso.misc.StoriaSamplerEReaderTest.storiaSamplerEReaderTest(StoriaSamplerEReaderTest.java:91)
</failure>
  </testcase>
  <testcase classname="com.scholastic.sso.shippingValidation.ShippingChargesMisc4Test" name="shippingChargesMisc4Test" time="0.078">
    <skipped/>
    <system-out>storiaSamplerEReaderTest
</system-out>
  </testcase>
  <testcase classname="com.scholastic.sso.shippingValidation.ShippingChargesMisc2Test" name="shippingChargesMisc2Test" time="0">
    <skipped/>
  </testcase>
  <testcase classname="com.scholastic.sso.shippingValidation.CartMergSigninDuringCheckoutSce5Test" name="cartMergSigninDuringCheckoutSce5Test" time="0.047">
    <skipped/>
  </testcase>
  <testcase classname="com.scholastic.sso.misc.StrangeLoopTest" name="strangeLoopTest" time="0.031">
    <skipped/>
  </testcase>
  <testcase classname="com.scholastic.sso.misc.AddEditDeleteCreditCardTest" name="addCreditCardInfoTest" time="0">
    <skipped/>
  </testcase>
  <testcase classname="com.scholastic.sso.misc.AddEditDeleteCreditCardTest" name="editCreditCardInfoTest" time="1.014">
    <skipped/>
  </testcase>
  <testcase classname="com.scholastic.sso.misc.AddEditDeleteCreditCardTest" name="deleteCreditCardInfoTest" time="1.014">
    <skipped/>
  </testcase>
</testsuite>